<?xml version="1.0" encoding="UTF-8"?>
<testng-results ignored="0" total="65" passed="33" failed="3" skipped="29">
  <reporter-output>
  </reporter-output>
  <suite started-at="2024-07-21T18:55:02 IST" name="Default suite" finished-at="2024-07-21T20:57:32 IST" duration-ms="7350078">
    <groups>
    </groups>
    <test started-at="2024-07-21T18:55:02 IST" name="Default test" finished-at="2024-07-21T20:57:32 IST" duration-ms="7350078">
      <class name="comapnyAdminTest.ManagementTestCases">
        <test-method is-config="true" signature="setBrowser()[pri:0, instance:comapnyAdminTest.ManagementTestCases@60099951]" started-at="2024-07-21T18:55:02 IST" name="setBrowser" finished-at="2024-07-21T18:55:03 IST" duration-ms="776" status="PASS">
          <reporter-output>
          </reporter-output>
        </test-method> <!-- setBrowser -->
        <test-method is-config="true" signature="Login()[pri:0, instance:comapnyAdminTest.ManagementTestCases@60099951]" started-at="2024-07-21T18:55:03 IST" name="Login" finished-at="2024-07-21T18:55:18 IST" duration-ms="15601" status="PASS">
          <reporter-output>
          </reporter-output>
        </test-method> <!-- Login -->
        <test-method signature="ProjectsCountGridCount1()[pri:1, instance:comapnyAdminTest.ManagementTestCases@60099951]" started-at="2024-07-21T18:55:18 IST" name="ProjectsCountGridCount1" finished-at="2024-07-21T18:56:08 IST" duration-ms="49604" status="PASS">
          <reporter-output>
          </reporter-output>
        </test-method> <!-- ProjectsCountGridCount1 -->
        <test-method is-config="true" signature="browserClosing()[pri:0, instance:comapnyAdminTest.ManagementTestCases@60099951]" started-at="2024-07-21T18:56:08 IST" name="browserClosing" finished-at="2024-07-21T18:56:16 IST" duration-ms="7431" status="PASS">
          <reporter-output>
          </reporter-output>
        </test-method> <!-- browserClosing -->
        <test-method is-config="true" signature="Login()[pri:0, instance:comapnyAdminTest.ManagementTestCases@60099951]" started-at="2024-07-21T18:56:16 IST" name="Login" finished-at="2024-07-21T18:56:27 IST" duration-ms="11864" status="PASS">
          <reporter-output>
          </reporter-output>
        </test-method> <!-- Login -->
        <test-method signature="ContractorsCountGridCount1()[pri:2, instance:comapnyAdminTest.ManagementTestCases@60099951]" started-at="2024-07-21T18:56:27 IST" name="ContractorsCountGridCount1" finished-at="2024-07-21T18:57:17 IST" duration-ms="49574" status="PASS">
          <reporter-output>
          </reporter-output>
        </test-method> <!-- ContractorsCountGridCount1 -->
        <test-method is-config="true" signature="browserClosing()[pri:0, instance:comapnyAdminTest.ManagementTestCases@60099951]" started-at="2024-07-21T18:57:17 IST" name="browserClosing" finished-at="2024-07-21T18:57:24 IST" duration-ms="7487" status="PASS">
          <reporter-output>
          </reporter-output>
        </test-method> <!-- browserClosing -->
        <test-method is-config="true" signature="Login()[pri:0, instance:comapnyAdminTest.ManagementTestCases@60099951]" started-at="2024-07-21T18:57:24 IST" name="Login" finished-at="2024-07-21T18:57:37 IST" duration-ms="12146" status="PASS">
          <reporter-output>
          </reporter-output>
        </test-method> <!-- Login -->
        <test-method signature="GraphCountMatch1()[pri:3, instance:comapnyAdminTest.ManagementTestCases@60099951]" started-at="2024-07-21T18:57:37 IST" name="GraphCountMatch1" finished-at="2024-07-21T19:01:49 IST" duration-ms="252761" status="PASS">
          <reporter-output>
          </reporter-output>
        </test-method> <!-- GraphCountMatch1 -->
        <test-method is-config="true" signature="browserClosing()[pri:0, instance:comapnyAdminTest.ManagementTestCases@60099951]" started-at="2024-07-21T19:01:49 IST" name="browserClosing" finished-at="2024-07-21T19:01:57 IST" duration-ms="7502" status="PASS">
          <reporter-output>
          </reporter-output>
        </test-method> <!-- browserClosing -->
        <test-method is-config="true" signature="Login()[pri:0, instance:comapnyAdminTest.ManagementTestCases@60099951]" started-at="2024-07-21T19:01:57 IST" name="Login" finished-at="2024-07-21T19:02:07 IST" duration-ms="10373" status="PASS">
          <reporter-output>
          </reporter-output>
        </test-method> <!-- Login -->
        <test-method signature="CompliedGraphMultipleFilterHigh1()[pri:4, instance:comapnyAdminTest.ManagementTestCases@60099951]" started-at="2024-07-21T19:02:07 IST" name="CompliedGraphMultipleFilterHigh1" finished-at="2024-07-21T19:03:45 IST" duration-ms="97987" status="PASS">
          <reporter-output>
          </reporter-output>
        </test-method> <!-- CompliedGraphMultipleFilterHigh1 -->
        <test-method is-config="true" signature="browserClosing()[pri:0, instance:comapnyAdminTest.ManagementTestCases@60099951]" started-at="2024-07-21T19:03:45 IST" name="browserClosing" finished-at="2024-07-21T19:03:53 IST" duration-ms="7482" status="PASS">
          <reporter-output>
          </reporter-output>
        </test-method> <!-- browserClosing -->
        <test-method is-config="true" signature="Login()[pri:0, instance:comapnyAdminTest.ManagementTestCases@60099951]" started-at="2024-07-21T19:03:53 IST" name="Login" finished-at="2024-07-21T19:04:06 IST" duration-ms="13316" status="PASS">
          <reporter-output>
          </reporter-output>
        </test-method> <!-- Login -->
        <test-method signature="CompliedGraphMultipleFilterMedium1()[pri:5, instance:comapnyAdminTest.ManagementTestCases@60099951]" started-at="2024-07-21T19:04:06 IST" name="CompliedGraphMultipleFilterMedium1" finished-at="2024-07-21T19:05:38 IST" duration-ms="92477" status="PASS">
          <reporter-output>
          </reporter-output>
        </test-method> <!-- CompliedGraphMultipleFilterMedium1 -->
        <test-method is-config="true" signature="browserClosing()[pri:0, instance:comapnyAdminTest.ManagementTestCases@60099951]" started-at="2024-07-21T19:05:38 IST" name="browserClosing" finished-at="2024-07-21T19:05:46 IST" duration-ms="7527" status="PASS">
          <reporter-output>
          </reporter-output>
        </test-method> <!-- browserClosing -->
        <test-method is-config="true" signature="Login()[pri:0, instance:comapnyAdminTest.ManagementTestCases@60099951]" started-at="2024-07-21T19:05:46 IST" name="Login" finished-at="2024-07-21T19:06:00 IST" duration-ms="13513" status="PASS">
          <reporter-output>
          </reporter-output>
        </test-method> <!-- Login -->
        <test-method signature="CompliedGraphMultipleFilterLow1()[pri:6, instance:comapnyAdminTest.ManagementTestCases@60099951]" started-at="2024-07-21T19:06:00 IST" name="CompliedGraphMultipleFilterLow1" finished-at="2024-07-21T19:07:26 IST" duration-ms="86825" status="PASS">
          <reporter-output>
          </reporter-output>
        </test-method> <!-- CompliedGraphMultipleFilterLow1 -->
        <test-method is-config="true" signature="browserClosing()[pri:0, instance:comapnyAdminTest.ManagementTestCases@60099951]" started-at="2024-07-21T19:07:26 IST" name="browserClosing" finished-at="2024-07-21T19:07:34 IST" duration-ms="7378" status="PASS">
          <reporter-output>
          </reporter-output>
        </test-method> <!-- browserClosing -->
        <test-method is-config="true" signature="Login()[pri:0, instance:comapnyAdminTest.ManagementTestCases@60099951]" started-at="2024-07-21T19:07:34 IST" name="Login" finished-at="2024-07-21T19:07:46 IST" duration-ms="12445" status="PASS">
          <reporter-output>
          </reporter-output>
        </test-method> <!-- Login -->
        <test-method signature="RedInRedGraphCountMatch1()[pri:7, instance:comapnyAdminTest.ManagementTestCases@60099951]" started-at="2024-07-21T19:07:46 IST" name="RedInRedGraphCountMatch1" finished-at="2024-07-21T19:11:29 IST" duration-ms="222774" status="PASS">
          <reporter-output>
          </reporter-output>
        </test-method> <!-- RedInRedGraphCountMatch1 -->
        <test-method is-config="true" signature="browserClosing()[pri:0, instance:comapnyAdminTest.ManagementTestCases@60099951]" started-at="2024-07-21T19:11:29 IST" name="browserClosing" finished-at="2024-07-21T19:11:36 IST" duration-ms="7485" status="PASS">
          <reporter-output>
          </reporter-output>
        </test-method> <!-- browserClosing -->
        <test-method is-config="true" signature="Login()[pri:0, instance:comapnyAdminTest.ManagementTestCases@60099951]" started-at="2024-07-21T19:11:36 IST" name="Login" finished-at="2024-07-21T19:11:49 IST" duration-ms="12734" status="PASS">
          <reporter-output>
          </reporter-output>
        </test-method> <!-- Login -->
        <test-method signature="NotCompliedGraphMultipleFilterHigh1()[pri:8, instance:comapnyAdminTest.ManagementTestCases@60099951]" started-at="2024-07-21T19:11:49 IST" name="NotCompliedGraphMultipleFilterHigh1" finished-at="2024-07-21T19:13:24 IST" duration-ms="95172" status="PASS">
          <reporter-output>
          </reporter-output>
        </test-method> <!-- NotCompliedGraphMultipleFilterHigh1 -->
        <test-method is-config="true" signature="browserClosing()[pri:0, instance:comapnyAdminTest.ManagementTestCases@60099951]" started-at="2024-07-21T19:13:24 IST" name="browserClosing" finished-at="2024-07-21T19:13:32 IST" duration-ms="7337" status="PASS">
          <reporter-output>
          </reporter-output>
        </test-method> <!-- browserClosing -->
        <test-method is-config="true" signature="Login()[pri:0, instance:comapnyAdminTest.ManagementTestCases@60099951]" started-at="2024-07-21T19:13:32 IST" name="Login" finished-at="2024-07-21T19:13:44 IST" duration-ms="12003" status="PASS">
          <reporter-output>
          </reporter-output>
        </test-method> <!-- Login -->
        <test-method signature="NotCompliedGraphMultipleFilterMedium1()[pri:9, instance:comapnyAdminTest.ManagementTestCases@60099951]" started-at="2024-07-21T19:13:44 IST" name="NotCompliedGraphMultipleFilterMedium1" finished-at="2024-07-21T19:15:17 IST" duration-ms="93369" status="PASS">
          <reporter-output>
          </reporter-output>
        </test-method> <!-- NotCompliedGraphMultipleFilterMedium1 -->
        <test-method is-config="true" signature="browserClosing()[pri:0, instance:comapnyAdminTest.ManagementTestCases@60099951]" started-at="2024-07-21T19:15:17 IST" name="browserClosing" finished-at="2024-07-21T19:15:25 IST" duration-ms="7441" status="PASS">
          <reporter-output>
          </reporter-output>
        </test-method> <!-- browserClosing -->
        <test-method is-config="true" signature="Login()[pri:0, instance:comapnyAdminTest.ManagementTestCases@60099951]" started-at="2024-07-21T19:15:25 IST" name="Login" finished-at="2024-07-21T19:15:37 IST" duration-ms="12205" status="PASS">
          <reporter-output>
          </reporter-output>
        </test-method> <!-- Login -->
        <test-method signature="NotCompliedGraphMultipleFilterLow1()[pri:10, instance:comapnyAdminTest.ManagementTestCases@60099951]" started-at="2024-07-21T19:15:37 IST" name="NotCompliedGraphMultipleFilterLow1" finished-at="2024-07-21T19:17:12 IST" duration-ms="95160" status="PASS">
          <reporter-output>
          </reporter-output>
        </test-method> <!-- NotCompliedGraphMultipleFilterLow1 -->
        <test-method is-config="true" signature="browserClosing()[pri:0, instance:comapnyAdminTest.ManagementTestCases@60099951]" started-at="2024-07-21T19:17:12 IST" name="browserClosing" finished-at="2024-07-21T19:17:19 IST" duration-ms="7438" status="PASS">
          <reporter-output>
          </reporter-output>
        </test-method> <!-- browserClosing -->
        <test-method is-config="true" signature="Login()[pri:0, instance:comapnyAdminTest.ManagementTestCases@60099951]" started-at="2024-07-21T19:17:19 IST" name="Login" finished-at="2024-07-21T19:17:31 IST" duration-ms="11967" status="PASS">
          <reporter-output>
          </reporter-output>
        </test-method> <!-- Login -->
        <test-method signature="GreyInRedCountMtch1()[pri:11, instance:comapnyAdminTest.ManagementTestCases@60099951]" started-at="2024-07-21T19:17:31 IST" name="GreyInRedCountMtch1" finished-at="2024-07-21T19:21:09 IST" duration-ms="217469" status="PASS">
          <reporter-output>
          </reporter-output>
        </test-method> <!-- GreyInRedCountMtch1 -->
        <test-method is-config="true" signature="browserClosing()[pri:0, instance:comapnyAdminTest.ManagementTestCases@60099951]" started-at="2024-07-21T19:21:09 IST" name="browserClosing" finished-at="2024-07-21T19:21:16 IST" duration-ms="7482" status="PASS">
          <reporter-output>
          </reporter-output>
        </test-method> <!-- browserClosing -->
        <test-method is-config="true" signature="Login()[pri:0, instance:comapnyAdminTest.ManagementTestCases@60099951]" started-at="2024-07-21T19:21:16 IST" name="Login" finished-at="2024-07-21T19:21:29 IST" duration-ms="12257" status="PASS">
          <reporter-output>
          </reporter-output>
        </test-method> <!-- Login -->
        <test-method signature="NotApplicableGraphMultipleFilterHigh1()[pri:12, instance:comapnyAdminTest.ManagementTestCases@60099951]" started-at="2024-07-21T19:21:29 IST" name="NotApplicableGraphMultipleFilterHigh1" finished-at="2024-07-21T19:23:02 IST" duration-ms="93259" status="PASS">
          <reporter-output>
          </reporter-output>
        </test-method> <!-- NotApplicableGraphMultipleFilterHigh1 -->
        <test-method is-config="true" signature="browserClosing()[pri:0, instance:comapnyAdminTest.ManagementTestCases@60099951]" started-at="2024-07-21T19:23:02 IST" name="browserClosing" finished-at="2024-07-21T19:23:09 IST" duration-ms="7317" status="PASS">
          <reporter-output>
          </reporter-output>
        </test-method> <!-- browserClosing -->
        <test-method is-config="true" signature="Login()[pri:0, instance:comapnyAdminTest.ManagementTestCases@60099951]" started-at="2024-07-21T19:23:09 IST" name="Login" finished-at="2024-07-21T19:23:21 IST" duration-ms="12036" status="PASS">
          <reporter-output>
          </reporter-output>
        </test-method> <!-- Login -->
        <test-method signature="NotApplicableGraphMultipleFilterMedium1()[pri:13, instance:comapnyAdminTest.ManagementTestCases@60099951]" started-at="2024-07-21T19:23:21 IST" name="NotApplicableGraphMultipleFilterMedium1" finished-at="2024-07-21T19:24:55 IST" duration-ms="94178" status="PASS">
          <reporter-output>
          </reporter-output>
        </test-method> <!-- NotApplicableGraphMultipleFilterMedium1 -->
        <test-method is-config="true" signature="browserClosing()[pri:0, instance:comapnyAdminTest.ManagementTestCases@60099951]" started-at="2024-07-21T19:24:55 IST" name="browserClosing" finished-at="2024-07-21T19:25:03 IST" duration-ms="7456" status="PASS">
          <reporter-output>
          </reporter-output>
        </test-method> <!-- browserClosing -->
        <test-method is-config="true" signature="Login()[pri:0, instance:comapnyAdminTest.ManagementTestCases@60099951]" started-at="2024-07-21T19:25:03 IST" name="Login" finished-at="2024-07-21T19:25:15 IST" duration-ms="12440" status="PASS">
          <reporter-output>
          </reporter-output>
        </test-method> <!-- Login -->
        <test-method signature="NotApplicableGraphMultipleFilterLow1()[pri:14, instance:comapnyAdminTest.ManagementTestCases@60099951]" started-at="2024-07-21T19:25:15 IST" name="NotApplicableGraphMultipleFilterLow1" finished-at="2024-07-21T19:26:51 IST" duration-ms="96172" status="PASS">
          <reporter-output>
          </reporter-output>
        </test-method> <!-- NotApplicableGraphMultipleFilterLow1 -->
        <test-method is-config="true" signature="browserClosing()[pri:0, instance:comapnyAdminTest.ManagementTestCases@60099951]" started-at="2024-07-21T19:26:51 IST" name="browserClosing" finished-at="2024-07-21T19:26:59 IST" duration-ms="7505" status="PASS">
          <reporter-output>
          </reporter-output>
        </test-method> <!-- browserClosing -->
        <test-method is-config="true" signature="Login()[pri:0, instance:comapnyAdminTest.ManagementTestCases@60099951]" started-at="2024-07-21T19:26:59 IST" name="Login" finished-at="2024-07-21T19:27:11 IST" duration-ms="11932" status="PASS">
          <reporter-output>
          </reporter-output>
        </test-method> <!-- Login -->
        <test-method signature="AuditCompletionStatusRed1()[pri:15, instance:comapnyAdminTest.ManagementTestCases@60099951]" started-at="2024-07-21T19:27:11 IST" name="AuditCompletionStatusRed1" finished-at="2024-07-21T19:33:43 IST" duration-ms="391820" status="PASS">
          <reporter-output>
          </reporter-output>
        </test-method> <!-- AuditCompletionStatusRed1 -->
        <test-method is-config="true" signature="browserClosing()[pri:0, instance:comapnyAdminTest.ManagementTestCases@60099951]" started-at="2024-07-21T19:33:43 IST" name="browserClosing" finished-at="2024-07-21T19:33:50 IST" duration-ms="7310" status="PASS">
          <reporter-output>
          </reporter-output>
        </test-method> <!-- browserClosing -->
        <test-method is-config="true" signature="Login()[pri:0, instance:comapnyAdminTest.ManagementTestCases@60099951]" started-at="2024-07-21T19:33:50 IST" name="Login" finished-at="2024-07-21T19:34:07 IST" duration-ms="17500" status="PASS">
          <reporter-output>
          </reporter-output>
        </test-method> <!-- Login -->
        <test-method signature="ACSOverdueMultipleFilter1()[pri:16, instance:comapnyAdminTest.ManagementTestCases@60099951]" started-at="2024-07-21T19:34:07 IST" name="ACSOverdueMultipleFilter1" finished-at="2024-07-21T19:35:33 IST" duration-ms="85366" status="PASS">
          <reporter-output>
          </reporter-output>
        </test-method> <!-- ACSOverdueMultipleFilter1 -->
        <test-method is-config="true" signature="browserClosing()[pri:0, instance:comapnyAdminTest.ManagementTestCases@60099951]" started-at="2024-07-21T19:35:33 IST" name="browserClosing" finished-at="2024-07-21T19:35:40 IST" duration-ms="7523" status="PASS">
          <reporter-output>
          </reporter-output>
        </test-method> <!-- browserClosing -->
        <test-method is-config="true" signature="Login()[pri:0, instance:comapnyAdminTest.ManagementTestCases@60099951]" started-at="2024-07-21T19:35:40 IST" name="Login" finished-at="2024-07-21T19:35:58 IST" duration-ms="17976" status="PASS">
          <reporter-output>
          </reporter-output>
        </test-method> <!-- Login -->
        <test-method signature="ACSPendingReviewMultipleFilter1()[pri:17, instance:comapnyAdminTest.ManagementTestCases@60099951]" started-at="2024-07-21T19:35:58 IST" name="ACSPendingReviewMultipleFilter1" finished-at="2024-07-21T19:37:45 IST" duration-ms="106944" status="PASS">
          <reporter-output>
          </reporter-output>
        </test-method> <!-- ACSPendingReviewMultipleFilter1 -->
        <test-method is-config="true" signature="browserClosing()[pri:0, instance:comapnyAdminTest.ManagementTestCases@60099951]" started-at="2024-07-21T19:37:45 IST" name="browserClosing" finished-at="2024-07-21T19:37:53 IST" duration-ms="7413" status="PASS">
          <reporter-output>
          </reporter-output>
        </test-method> <!-- browserClosing -->
        <test-method is-config="true" signature="Login()[pri:0, instance:comapnyAdminTest.ManagementTestCases@60099951]" started-at="2024-07-21T19:37:53 IST" name="Login" finished-at="2024-07-21T19:38:09 IST" duration-ms="16662" status="PASS">
          <reporter-output>
          </reporter-output>
        </test-method> <!-- Login -->
        <test-method signature="ACSClosedMultipleFilter1()[pri:18, instance:comapnyAdminTest.ManagementTestCases@60099951]" started-at="2024-07-21T19:38:09 IST" name="ACSClosedMultipleFilter1" finished-at="2024-07-21T19:39:46 IST" duration-ms="96810" status="PASS">
          <reporter-output>
          </reporter-output>
        </test-method> <!-- ACSClosedMultipleFilter1 -->
        <test-method is-config="true" signature="browserClosing()[pri:0, instance:comapnyAdminTest.ManagementTestCases@60099951]" started-at="2024-07-21T19:39:46 IST" name="browserClosing" finished-at="2024-07-21T19:39:54 IST" duration-ms="7464" status="PASS">
          <reporter-output>
          </reporter-output>
        </test-method> <!-- browserClosing -->
        <test-method is-config="true" signature="Login()[pri:0, instance:comapnyAdminTest.ManagementTestCases@60099951]" started-at="2024-07-21T19:39:54 IST" name="Login" finished-at="2024-07-21T19:40:08 IST" duration-ms="14638" status="PASS">
          <reporter-output>
          </reporter-output>
        </test-method> <!-- Login -->
        <test-method signature="CTWCompliedgreen1()[pri:19, instance:comapnyAdminTest.ManagementTestCases@60099951]" started-at="2024-07-21T19:40:08 IST" name="CTWCompliedgreen1" finished-at="2024-07-21T19:44:01 IST" duration-ms="232342" status="PASS">
          <reporter-output>
          </reporter-output>
        </test-method> <!-- CTWCompliedgreen1 -->
        <test-method is-config="true" signature="browserClosing()[pri:0, instance:comapnyAdminTest.ManagementTestCases@60099951]" started-at="2024-07-21T19:44:01 IST" name="browserClosing" finished-at="2024-07-21T19:44:08 IST" duration-ms="7475" status="PASS">
          <reporter-output>
          </reporter-output>
        </test-method> <!-- browserClosing -->
        <test-method is-config="true" signature="Login()[pri:0, instance:comapnyAdminTest.ManagementTestCases@60099951]" started-at="2024-07-21T19:44:08 IST" name="Login" finished-at="2024-07-21T19:44:41 IST" duration-ms="32838" status="PASS">
          <reporter-output>
          </reporter-output>
        </test-method> <!-- Login -->
        <test-method signature="CTWCompliedgreen11()[pri:20, instance:comapnyAdminTest.ManagementTestCases@60099951]" started-at="2024-07-21T19:44:41 IST" name="CTWCompliedgreen11" finished-at="2024-07-21T19:50:31 IST" duration-ms="349997" status="PASS">
          <reporter-output>
          </reporter-output>
        </test-method> <!-- CTWCompliedgreen11 -->
        <test-method is-config="true" signature="browserClosing()[pri:0, instance:comapnyAdminTest.ManagementTestCases@60099951]" started-at="2024-07-21T19:50:31 IST" name="browserClosing" finished-at="2024-07-21T19:50:38 IST" duration-ms="7535" status="PASS">
          <reporter-output>
          </reporter-output>
        </test-method> <!-- browserClosing -->
        <test-method is-config="true" signature="Login()[pri:0, instance:comapnyAdminTest.ManagementTestCases@60099951]" started-at="2024-07-21T19:50:38 IST" name="Login" finished-at="2024-07-21T19:51:23 IST" duration-ms="44515" status="PASS">
          <reporter-output>
          </reporter-output>
        </test-method> <!-- Login -->
        <test-method signature="CTWNotCompliedRed1()[pri:21, instance:comapnyAdminTest.ManagementTestCases@60099951]" started-at="2024-07-21T19:51:23 IST" name="CTWNotCompliedRed1" finished-at="2024-07-21T19:55:08 IST" duration-ms="225353" status="PASS">
          <reporter-output>
          </reporter-output>
        </test-method> <!-- CTWNotCompliedRed1 -->
        <test-method is-config="true" signature="browserClosing()[pri:0, instance:comapnyAdminTest.ManagementTestCases@60099951]" started-at="2024-07-21T19:55:08 IST" name="browserClosing" finished-at="2024-07-21T19:55:16 IST" duration-ms="7413" status="PASS">
          <reporter-output>
          </reporter-output>
        </test-method> <!-- browserClosing -->
        <test-method is-config="true" signature="Login()[pri:0, instance:comapnyAdminTest.ManagementTestCases@60099951]" started-at="2024-07-21T19:55:16 IST" name="Login" finished-at="2024-07-21T19:56:03 IST" duration-ms="47732" status="PASS">
          <reporter-output>
          </reporter-output>
        </test-method> <!-- Login -->
        <test-method signature="CTWNotCompliedRed11()[pri:22, instance:comapnyAdminTest.ManagementTestCases@60099951]" started-at="2024-07-21T19:56:03 IST" name="CTWNotCompliedRed11" finished-at="2024-07-21T20:01:45 IST" duration-ms="341650" status="PASS">
          <reporter-output>
          </reporter-output>
        </test-method> <!-- CTWNotCompliedRed11 -->
        <test-method is-config="true" signature="browserClosing()[pri:0, instance:comapnyAdminTest.ManagementTestCases@60099951]" started-at="2024-07-21T20:01:45 IST" name="browserClosing" finished-at="2024-07-21T20:01:53 IST" duration-ms="7490" status="PASS">
          <reporter-output>
          </reporter-output>
        </test-method> <!-- browserClosing -->
        <test-method is-config="true" signature="Login()[pri:0, instance:comapnyAdminTest.ManagementTestCases@60099951]" started-at="2024-07-21T20:01:53 IST" name="Login" finished-at="2024-07-21T20:02:20 IST" duration-ms="27905" status="PASS">
          <reporter-output>
          </reporter-output>
        </test-method> <!-- Login -->
        <test-method signature="CTWNotApplicableGrey1()[pri:23, instance:comapnyAdminTest.ManagementTestCases@60099951]" started-at="2024-07-21T20:02:20 IST" name="CTWNotApplicableGrey1" finished-at="2024-07-21T20:06:12 IST" duration-ms="231588" status="PASS">
          <reporter-output>
          </reporter-output>
        </test-method> <!-- CTWNotApplicableGrey1 -->
        <test-method is-config="true" signature="browserClosing()[pri:0, instance:comapnyAdminTest.ManagementTestCases@60099951]" started-at="2024-07-21T20:06:12 IST" name="browserClosing" finished-at="2024-07-21T20:06:20 IST" duration-ms="7462" status="PASS">
          <reporter-output>
          </reporter-output>
        </test-method> <!-- browserClosing -->
        <test-method is-config="true" signature="Login()[pri:0, instance:comapnyAdminTest.ManagementTestCases@60099951]" started-at="2024-07-21T20:06:20 IST" name="Login" finished-at="2024-07-21T20:06:53 IST" duration-ms="33115" status="PASS">
          <reporter-output>
          </reporter-output>
        </test-method> <!-- Login -->
        <test-method signature="CTWNotApplicableGrey11()[pri:24, instance:comapnyAdminTest.ManagementTestCases@60099951]" started-at="2024-07-21T20:06:53 IST" name="CTWNotApplicableGrey11" finished-at="2024-07-21T20:12:38 IST" duration-ms="345085" status="PASS">
          <reporter-output>
          </reporter-output>
        </test-method> <!-- CTWNotApplicableGrey11 -->
        <test-method is-config="true" signature="browserClosing()[pri:0, instance:comapnyAdminTest.ManagementTestCases@60099951]" started-at="2024-07-21T20:12:38 IST" name="browserClosing" finished-at="2024-07-21T20:12:45 IST" duration-ms="7476" status="PASS">
          <reporter-output>
          </reporter-output>
        </test-method> <!-- browserClosing -->
        <test-method is-config="true" signature="Login()[pri:0, instance:comapnyAdminTest.ManagementTestCases@60099951]" started-at="2024-07-21T20:12:45 IST" name="Login" finished-at="2024-07-21T20:13:55 IST" duration-ms="69372" status="PASS">
          <reporter-output>
          </reporter-output>
        </test-method> <!-- Login -->
        <test-method signature="CTWAuditStatusSummeryOverdue1()[pri:25, instance:comapnyAdminTest.ManagementTestCases@60099951]" started-at="2024-07-21T20:13:55 IST" name="CTWAuditStatusSummeryOverdue1" finished-at="2024-07-21T20:16:03 IST" duration-ms="128585" status="FAIL">
          <exception class="java.lang.NumberFormatException">
            <message>
              <![CDATA[For input string: ""]]>
            </message>
            <full-stacktrace>
              <![CDATA[java.lang.NumberFormatException: For input string: ""
at java.base/java.lang.NumberFormatException.forInputString(NumberFormatException.java:67)
at java.base/java.lang.Integer.parseInt(Integer.java:678)
at java.base/java.lang.Integer.parseInt(Integer.java:786)
at companyManagement.Method5.CTWAuditStatusSummeryPendingReview(Method5.java:3405)
at companyManagement.Method5.CTWAuditStatusSummeryOverdue(Method5.java:3377)
at comapnyAdminTest.ManagementTestCases.CTWAuditStatusSummeryOverdue1(ManagementTestCases.java:420)
at java.base/jdk.internal.reflect.NativeMethodAccessorImpl.invoke0(Native Method)
at java.base/jdk.internal.reflect.NativeMethodAccessorImpl.invoke(NativeMethodAccessorImpl.java:77)
at java.base/jdk.internal.reflect.DelegatingMethodAccessorImpl.invoke(DelegatingMethodAccessorImpl.java:43)
at java.base/java.lang.reflect.Method.invoke(Method.java:568)
at org.testng.internal.invokers.MethodInvocationHelper.invokeMethod(MethodInvocationHelper.java:139)
at org.testng.internal.invokers.TestInvoker.invokeMethod(TestInvoker.java:677)
at org.testng.internal.invokers.TestInvoker.invokeTestMethod(TestInvoker.java:221)
at org.testng.internal.invokers.MethodRunner.runInSequence(MethodRunner.java:50)
at org.testng.internal.invokers.TestInvoker$MethodInvocationAgent.invoke(TestInvoker.java:962)
at org.testng.internal.invokers.TestInvoker.invokeTestMethods(TestInvoker.java:194)
at org.testng.internal.invokers.TestMethodWorker.invokeTestMethods(TestMethodWorker.java:148)
at org.testng.internal.invokers.TestMethodWorker.run(TestMethodWorker.java:128)
at java.base/java.util.ArrayList.forEach(ArrayList.java:1511)
at org.testng.TestRunner.privateRun(TestRunner.java:806)
at org.testng.TestRunner.run(TestRunner.java:601)
at org.testng.SuiteRunner.runTest(SuiteRunner.java:433)
at org.testng.SuiteRunner.runSequentially(SuiteRunner.java:427)
at org.testng.SuiteRunner.privateRun(SuiteRunner.java:387)
at org.testng.SuiteRunner.run(SuiteRunner.java:330)
at org.testng.SuiteRunnerWorker.runSuite(SuiteRunnerWorker.java:52)
at org.testng.SuiteRunnerWorker.run(SuiteRunnerWorker.java:95)
at org.testng.TestNG.runSuitesSequentially(TestNG.java:1256)
at org.testng.TestNG.runSuitesLocally(TestNG.java:1176)
at org.testng.TestNG.runSuites(TestNG.java:1099)
at org.testng.TestNG.run(TestNG.java:1067)
at org.testng.remote.AbstractRemoteTestNG.run(AbstractRemoteTestNG.java:115)
at org.testng.remote.RemoteTestNG.initAndRun(RemoteTestNG.java:251)
at org.testng.remote.RemoteTestNG.main(RemoteTestNG.java:77)
]]>
            </full-stacktrace>
          </exception> <!-- java.lang.NumberFormatException -->
          <reporter-output>
          </reporter-output>
        </test-method> <!-- CTWAuditStatusSummeryOverdue1 -->
        <test-method is-config="true" signature="browserClosing()[pri:0, instance:comapnyAdminTest.ManagementTestCases@60099951]" started-at="2024-07-21T20:16:03 IST" name="browserClosing" finished-at="2024-07-21T20:16:11 IST" duration-ms="7452" status="PASS">
          <reporter-output>
          </reporter-output>
        </test-method> <!-- browserClosing -->
        <test-method is-config="true" signature="Login()[pri:0, instance:comapnyAdminTest.ManagementTestCases@60099951]" started-at="2024-07-21T20:16:11 IST" name="Login" finished-at="2024-07-21T20:16:41 IST" duration-ms="29953" status="PASS">
          <reporter-output>
          </reporter-output>
        </test-method> <!-- Login -->
        <test-method signature="CTWAuditStatusSummeryOverdue11()[pri:26, instance:comapnyAdminTest.ManagementTestCases@60099951]" started-at="2024-07-21T20:16:41 IST" name="CTWAuditStatusSummeryOverdue11" finished-at="2024-07-21T20:18:16 IST" duration-ms="95814" status="FAIL">
          <exception class="org.openqa.selenium.NoSuchElementException">
            <message>
              <![CDATA[no such element: Unable to locate element: {"method":"xpath","selector":"(//span[.='Overdue'])[3]"}
  (Session info: chrome=126.0.6478.182)
For documentation on this error, please visit: http://seleniumhq.org/exceptions/no_such_element.html
Build info: version: '3.141.0', revision: '2ecb7d9a', time: '2018-10-31T20:09:30'
System info: host: 'TRPL-PUN-0125', ip: '192.168.10.44', os.name: 'Windows 10', os.arch: 'amd64', os.version: '10.0', java.version: '17.0.9'
Driver info: org.openqa.selenium.chrome.ChromeDriver
Capabilities {acceptInsecureCerts: false, browserName: chrome, browserVersion: 126.0.6478.182, chrome: {chromedriverVersion: 125.0.6422.60 (3ac3319bff9f..., userDataDir: C:\Users\shitalb\AppData\Lo...}, fedcm:accounts: true, goog:chromeOptions: {debuggerAddress: localhost:51190}, javascriptEnabled: true, networkConnectionEnabled: false, pageLoadStrategy: normal, platform: WINDOWS, platformName: WINDOWS, proxy: Proxy(), setWindowRect: true, strictFileInteractability: false, timeouts: {implicit: 0, pageLoad: 300000, script: 30000}, unhandledPromptBehavior: dismiss and notify, webauthn:extension:credBlob: true, webauthn:extension:largeBlob: true, webauthn:extension:minPinLength: true, webauthn:extension:prf: true, webauthn:virtualAuthenticators: true}
Session ID: e4658d66e34eac508b6b423c25734dd7
*** Element info: {Using=xpath, value=(//span[.='Overdue'])[3]}]]>
            </message>
            <full-stacktrace>
              <![CDATA[org.openqa.selenium.NoSuchElementException: no such element: Unable to locate element: {"method":"xpath","selector":"(//span[.='Overdue'])[3]"}
  (Session info: chrome=126.0.6478.182)
For documentation on this error, please visit: http://seleniumhq.org/exceptions/no_such_element.html
Build info: version: '3.141.0', revision: '2ecb7d9a', time: '2018-10-31T20:09:30'
System info: host: 'TRPL-PUN-0125', ip: '192.168.10.44', os.name: 'Windows 10', os.arch: 'amd64', os.version: '10.0', java.version: '17.0.9'
Driver info: org.openqa.selenium.chrome.ChromeDriver
Capabilities {acceptInsecureCerts: false, browserName: chrome, browserVersion: 126.0.6478.182, chrome: {chromedriverVersion: 125.0.6422.60 (3ac3319bff9f..., userDataDir: C:\Users\shitalb\AppData\Lo...}, fedcm:accounts: true, goog:chromeOptions: {debuggerAddress: localhost:51190}, javascriptEnabled: true, networkConnectionEnabled: false, pageLoadStrategy: normal, platform: WINDOWS, platformName: WINDOWS, proxy: Proxy(), setWindowRect: true, strictFileInteractability: false, timeouts: {implicit: 0, pageLoad: 300000, script: 30000}, unhandledPromptBehavior: dismiss and notify, webauthn:extension:credBlob: true, webauthn:extension:largeBlob: true, webauthn:extension:minPinLength: true, webauthn:extension:prf: true, webauthn:virtualAuthenticators: true}
Session ID: e4658d66e34eac508b6b423c25734dd7
*** Element info: {Using=xpath, value=(//span[.='Overdue'])[3]}
at java.base/jdk.internal.reflect.NativeConstructorAccessorImpl.newInstance0(Native Method)
at java.base/jdk.internal.reflect.NativeConstructorAccessorImpl.newInstance(NativeConstructorAccessorImpl.java:77)
at java.base/jdk.internal.reflect.DelegatingConstructorAccessorImpl.newInstance(DelegatingConstructorAccessorImpl.java:45)
at java.base/java.lang.reflect.Constructor.newInstanceWithCaller(Constructor.java:499)
at java.base/java.lang.reflect.Constructor.newInstance(Constructor.java:480)
at org.openqa.selenium.remote.http.W3CHttpResponseCodec.createException(W3CHttpResponseCodec.java:187)
at org.openqa.selenium.remote.http.W3CHttpResponseCodec.decode(W3CHttpResponseCodec.java:122)
at org.openqa.selenium.remote.http.W3CHttpResponseCodec.decode(W3CHttpResponseCodec.java:49)
at org.openqa.selenium.remote.HttpCommandExecutor.execute(HttpCommandExecutor.java:158)
at org.openqa.selenium.remote.service.DriverCommandExecutor.execute(DriverCommandExecutor.java:83)
at org.openqa.selenium.remote.RemoteWebDriver.execute(RemoteWebDriver.java:552)
at org.openqa.selenium.remote.RemoteWebDriver.findElement(RemoteWebDriver.java:323)
at org.openqa.selenium.remote.RemoteWebDriver.findElementByXPath(RemoteWebDriver.java:428)
at org.openqa.selenium.By$ByXPath.findElement(By.java:353)
at org.openqa.selenium.remote.RemoteWebDriver.findElement(RemoteWebDriver.java:315)
at companyProjectHead.Locator3.Status1Overdue(Locator3.java:2173)
at companyManagement.Method5.CTWAuditStatusSummeryOverdue1(Method5.java:9425)
at comapnyAdminTest.ManagementTestCases.CTWAuditStatusSummeryOverdue11(ManagementTestCases.java:432)
at java.base/jdk.internal.reflect.NativeMethodAccessorImpl.invoke0(Native Method)
at java.base/jdk.internal.reflect.NativeMethodAccessorImpl.invoke(NativeMethodAccessorImpl.java:77)
at java.base/jdk.internal.reflect.DelegatingMethodAccessorImpl.invoke(DelegatingMethodAccessorImpl.java:43)
at java.base/java.lang.reflect.Method.invoke(Method.java:568)
at org.testng.internal.invokers.MethodInvocationHelper.invokeMethod(MethodInvocationHelper.java:139)
at org.testng.internal.invokers.TestInvoker.invokeMethod(TestInvoker.java:677)
at org.testng.internal.invokers.TestInvoker.invokeTestMethod(TestInvoker.java:221)
at org.testng.internal.invokers.MethodRunner.runInSequence(MethodRunner.java:50)
at org.testng.internal.invokers.TestInvoker$MethodInvocationAgent.invoke(TestInvoker.java:962)
at org.testng.internal.invokers.TestInvoker.invokeTestMethods(TestInvoker.java:194)
at org.testng.internal.invokers.TestMethodWorker.invokeTestMethods(TestMethodWorker.java:148)
at org.testng.internal.invokers.TestMethodWorker.run(TestMethodWorker.java:128)
at java.base/java.util.ArrayList.forEach(ArrayList.java:1511)
at org.testng.TestRunner.privateRun(TestRunner.java:806)
at org.testng.TestRunner.run(TestRunner.java:601)
at org.testng.SuiteRunner.runTest(SuiteRunner.java:433)
at org.testng.SuiteRunner.runSequentially(SuiteRunner.java:427)
at org.testng.SuiteRunner.privateRun(SuiteRunner.java:387)
at org.testng.SuiteRunner.run(SuiteRunner.java:330)
at org.testng.SuiteRunnerWorker.runSuite(SuiteRunnerWorker.java:52)
at org.testng.SuiteRunnerWorker.run(SuiteRunnerWorker.java:95)
at org.testng.TestNG.runSuitesSequentially(TestNG.java:1256)
at org.testng.TestNG.runSuitesLocally(TestNG.java:1176)
at org.testng.TestNG.runSuites(TestNG.java:1099)
at org.testng.TestNG.run(TestNG.java:1067)
at org.testng.remote.AbstractRemoteTestNG.run(AbstractRemoteTestNG.java:115)
at org.testng.remote.RemoteTestNG.initAndRun(RemoteTestNG.java:251)
at org.testng.remote.RemoteTestNG.main(RemoteTestNG.java:77)
]]>
            </full-stacktrace>
          </exception> <!-- org.openqa.selenium.NoSuchElementException -->
          <reporter-output>
          </reporter-output>
        </test-method> <!-- CTWAuditStatusSummeryOverdue11 -->
        <test-method is-config="true" signature="browserClosing()[pri:0, instance:comapnyAdminTest.ManagementTestCases@60099951]" started-at="2024-07-21T20:18:16 IST" name="browserClosing" finished-at="2024-07-21T20:18:24 IST" duration-ms="7401" status="PASS">
          <reporter-output>
          </reporter-output>
        </test-method> <!-- browserClosing -->
        <test-method is-config="true" signature="Login()[pri:0, instance:comapnyAdminTest.ManagementTestCases@60099951]" started-at="2024-07-21T20:18:24 IST" name="Login" finished-at="2024-07-21T20:18:51 IST" duration-ms="27211" status="PASS">
          <reporter-output>
          </reporter-output>
        </test-method> <!-- Login -->
        <test-method signature="CTWAuditStatusSummeryPendingReview11()[pri:27, instance:comapnyAdminTest.ManagementTestCases@60099951]" started-at="2024-07-21T20:18:51 IST" name="CTWAuditStatusSummeryPendingReview11" finished-at="2024-07-21T20:19:57 IST" duration-ms="66191" status="FAIL">
          <exception class="org.openqa.selenium.ElementNotInteractableException">
            <message>
              <![CDATA[element not interactable
  (Session info: chrome=126.0.6478.182)
Build info: version: '3.141.0', revision: '2ecb7d9a', time: '2018-10-31T20:09:30'
System info: host: 'TRPL-PUN-0125', ip: '192.168.10.44', os.name: 'Windows 10', os.arch: 'amd64', os.version: '10.0', java.version: '17.0.9'
Driver info: org.openqa.selenium.chrome.ChromeDriver
Capabilities {acceptInsecureCerts: false, browserName: chrome, browserVersion: 126.0.6478.182, chrome: {chromedriverVersion: 125.0.6422.60 (3ac3319bff9f..., userDataDir: C:\Users\shitalb\AppData\Lo...}, fedcm:accounts: true, goog:chromeOptions: {debuggerAddress: localhost:51232}, javascriptEnabled: true, networkConnectionEnabled: false, pageLoadStrategy: normal, platform: WINDOWS, platformName: WINDOWS, proxy: Proxy(), setWindowRect: true, strictFileInteractability: false, timeouts: {implicit: 0, pageLoad: 300000, script: 30000}, unhandledPromptBehavior: dismiss and notify, webauthn:extension:credBlob: true, webauthn:extension:largeBlob: true, webauthn:extension:minPinLength: true, webauthn:extension:prf: true, webauthn:virtualAuthenticators: true}
Session ID: cf80fa10010e6ec95e51224dbd1a6670]]>
            </message>
            <full-stacktrace>
              <![CDATA[org.openqa.selenium.ElementNotInteractableException: element not interactable
  (Session info: chrome=126.0.6478.182)
Build info: version: '3.141.0', revision: '2ecb7d9a', time: '2018-10-31T20:09:30'
System info: host: 'TRPL-PUN-0125', ip: '192.168.10.44', os.name: 'Windows 10', os.arch: 'amd64', os.version: '10.0', java.version: '17.0.9'
Driver info: org.openqa.selenium.chrome.ChromeDriver
Capabilities {acceptInsecureCerts: false, browserName: chrome, browserVersion: 126.0.6478.182, chrome: {chromedriverVersion: 125.0.6422.60 (3ac3319bff9f..., userDataDir: C:\Users\shitalb\AppData\Lo...}, fedcm:accounts: true, goog:chromeOptions: {debuggerAddress: localhost:51232}, javascriptEnabled: true, networkConnectionEnabled: false, pageLoadStrategy: normal, platform: WINDOWS, platformName: WINDOWS, proxy: Proxy(), setWindowRect: true, strictFileInteractability: false, timeouts: {implicit: 0, pageLoad: 300000, script: 30000}, unhandledPromptBehavior: dismiss and notify, webauthn:extension:credBlob: true, webauthn:extension:largeBlob: true, webauthn:extension:minPinLength: true, webauthn:extension:prf: true, webauthn:virtualAuthenticators: true}
Session ID: cf80fa10010e6ec95e51224dbd1a6670
at java.base/jdk.internal.reflect.NativeConstructorAccessorImpl.newInstance0(Native Method)
at java.base/jdk.internal.reflect.NativeConstructorAccessorImpl.newInstance(NativeConstructorAccessorImpl.java:77)
at java.base/jdk.internal.reflect.DelegatingConstructorAccessorImpl.newInstance(DelegatingConstructorAccessorImpl.java:45)
at java.base/java.lang.reflect.Constructor.newInstanceWithCaller(Constructor.java:499)
at java.base/java.lang.reflect.Constructor.newInstance(Constructor.java:480)
at org.openqa.selenium.remote.http.W3CHttpResponseCodec.createException(W3CHttpResponseCodec.java:187)
at org.openqa.selenium.remote.http.W3CHttpResponseCodec.decode(W3CHttpResponseCodec.java:122)
at org.openqa.selenium.remote.http.W3CHttpResponseCodec.decode(W3CHttpResponseCodec.java:49)
at org.openqa.selenium.remote.HttpCommandExecutor.execute(HttpCommandExecutor.java:158)
at org.openqa.selenium.remote.service.DriverCommandExecutor.execute(DriverCommandExecutor.java:83)
at org.openqa.selenium.remote.RemoteWebDriver.execute(RemoteWebDriver.java:552)
at org.openqa.selenium.remote.RemoteWebElement.execute(RemoteWebElement.java:285)
at org.openqa.selenium.remote.RemoteWebElement.click(RemoteWebElement.java:84)
at companyManagement.Method5.CTWAuditStatusSummeryPendingReview1(Method5.java:9601)
at comapnyAdminTest.ManagementTestCases.CTWAuditStatusSummeryPendingReview11(ManagementTestCases.java:444)
at java.base/jdk.internal.reflect.NativeMethodAccessorImpl.invoke0(Native Method)
at java.base/jdk.internal.reflect.NativeMethodAccessorImpl.invoke(NativeMethodAccessorImpl.java:77)
at java.base/jdk.internal.reflect.DelegatingMethodAccessorImpl.invoke(DelegatingMethodAccessorImpl.java:43)
at java.base/java.lang.reflect.Method.invoke(Method.java:568)
at org.testng.internal.invokers.MethodInvocationHelper.invokeMethod(MethodInvocationHelper.java:139)
at org.testng.internal.invokers.TestInvoker.invokeMethod(TestInvoker.java:677)
at org.testng.internal.invokers.TestInvoker.invokeTestMethod(TestInvoker.java:221)
at org.testng.internal.invokers.MethodRunner.runInSequence(MethodRunner.java:50)
at org.testng.internal.invokers.TestInvoker$MethodInvocationAgent.invoke(TestInvoker.java:962)
at org.testng.internal.invokers.TestInvoker.invokeTestMethods(TestInvoker.java:194)
at org.testng.internal.invokers.TestMethodWorker.invokeTestMethods(TestMethodWorker.java:148)
at org.testng.internal.invokers.TestMethodWorker.run(TestMethodWorker.java:128)
at java.base/java.util.ArrayList.forEach(ArrayList.java:1511)
at org.testng.TestRunner.privateRun(TestRunner.java:806)
at org.testng.TestRunner.run(TestRunner.java:601)
at org.testng.SuiteRunner.runTest(SuiteRunner.java:433)
at org.testng.SuiteRunner.runSequentially(SuiteRunner.java:427)
at org.testng.SuiteRunner.privateRun(SuiteRunner.java:387)
at org.testng.SuiteRunner.run(SuiteRunner.java:330)
at org.testng.SuiteRunnerWorker.runSuite(SuiteRunnerWorker.java:52)
at org.testng.SuiteRunnerWorker.run(SuiteRunnerWorker.java:95)
at org.testng.TestNG.runSuitesSequentially(TestNG.java:1256)
at org.testng.TestNG.runSuitesLocally(TestNG.java:1176)
at org.testng.TestNG.runSuites(TestNG.java:1099)
at org.testng.TestNG.run(TestNG.java:1067)
at org.testng.remote.AbstractRemoteTestNG.run(AbstractRemoteTestNG.java:115)
at org.testng.remote.RemoteTestNG.initAndRun(RemoteTestNG.java:251)
at org.testng.remote.RemoteTestNG.main(RemoteTestNG.java:77)
]]>
            </full-stacktrace>
          </exception> <!-- org.openqa.selenium.ElementNotInteractableException -->
          <reporter-output>
          </reporter-output>
        </test-method> <!-- CTWAuditStatusSummeryPendingReview11 -->
        <test-method is-config="true" signature="browserClosing()[pri:0, instance:comapnyAdminTest.ManagementTestCases@60099951]" started-at="2024-07-21T20:19:57 IST" name="browserClosing" finished-at="2024-07-21T20:20:05 IST" duration-ms="7387" status="PASS">
          <reporter-output>
          </reporter-output>
        </test-method> <!-- browserClosing -->
        <test-method is-config="true" signature="Login()[pri:0, instance:comapnyAdminTest.ManagementTestCases@60099951]" started-at="2024-07-21T20:20:05 IST" name="Login" finished-at="2024-07-21T20:20:51 IST" duration-ms="46466" status="PASS">
          <reporter-output>
          </reporter-output>
        </test-method> <!-- Login -->
        <test-method signature="CTWAuditStatusSummeryClosed1()[pri:28, instance:comapnyAdminTest.ManagementTestCases@60099951]" started-at="2024-07-21T20:20:51 IST" name="CTWAuditStatusSummeryClosed1" finished-at="2024-07-21T20:22:37 IST" duration-ms="105661" status="PASS">
          <reporter-output>
          </reporter-output>
        </test-method> <!-- CTWAuditStatusSummeryClosed1 -->
        <test-method is-config="true" signature="browserClosing()[pri:0, instance:comapnyAdminTest.ManagementTestCases@60099951]" started-at="2024-07-21T20:22:37 IST" name="browserClosing" finished-at="2024-07-21T20:22:44 IST" duration-ms="7467" status="PASS">
          <reporter-output>
          </reporter-output>
        </test-method> <!-- browserClosing -->
        <test-method is-config="true" signature="Login()[pri:0, instance:comapnyAdminTest.ManagementTestCases@60099951]" started-at="2024-07-21T20:22:44 IST" name="Login" finished-at="2024-07-21T20:23:34 IST" duration-ms="49760" status="PASS">
          <reporter-output>
          </reporter-output>
        </test-method> <!-- Login -->
        <test-method signature="PWCSSABCConstructionCompliedHigh1()[pri:29, instance:comapnyAdminTest.ManagementTestCases@60099951]" started-at="2024-07-21T20:23:34 IST" name="PWCSSABCConstructionCompliedHigh1" finished-at="2024-07-21T20:27:50 IST" duration-ms="256004" status="PASS">
          <reporter-output>
          </reporter-output>
        </test-method> <!-- PWCSSABCConstructionCompliedHigh1 -->
        <test-method is-config="true" signature="browserClosing()[pri:0, instance:comapnyAdminTest.ManagementTestCases@60099951]" started-at="2024-07-21T20:27:50 IST" name="browserClosing" finished-at="2024-07-21T20:27:57 IST" duration-ms="7453" status="PASS">
          <reporter-output>
          </reporter-output>
        </test-method> <!-- browserClosing -->
        <test-method is-config="true" signature="Login()[pri:0, instance:comapnyAdminTest.ManagementTestCases@60099951]" started-at="2024-07-21T20:27:57 IST" name="Login" finished-at="2024-07-21T20:28:32 IST" duration-ms="34309" status="PASS">
          <reporter-output>
          </reporter-output>
        </test-method> <!-- Login -->
        <test-method signature="PWCSCompliedGraphMultipleFilterHigh11()[pri:30, instance:comapnyAdminTest.ManagementTestCases@60099951]" started-at="2024-07-21T20:28:32 IST" name="PWCSCompliedGraphMultipleFilterHigh11" finished-at="2024-07-21T20:30:26 IST" duration-ms="114356" status="PASS">
          <reporter-output>
          </reporter-output>
        </test-method> <!-- PWCSCompliedGraphMultipleFilterHigh11 -->
        <test-method is-config="true" signature="browserClosing()[pri:0, instance:comapnyAdminTest.ManagementTestCases@60099951]" started-at="2024-07-21T20:30:26 IST" name="browserClosing" finished-at="2024-07-21T20:30:34 IST" duration-ms="7418" status="PASS">
          <reporter-output>
          </reporter-output>
        </test-method> <!-- browserClosing -->
        <test-method is-config="true" signature="Login()[pri:0, instance:comapnyAdminTest.ManagementTestCases@60099951]" started-at="2024-07-21T20:30:34 IST" name="Login" finished-at="2024-07-21T20:31:15 IST" duration-ms="41195" status="PASS">
          <reporter-output>
          </reporter-output>
        </test-method> <!-- Login -->
        <test-method signature="PWCSSCompliedGraphMultipleFilterMedium1()[pri:31, instance:comapnyAdminTest.ManagementTestCases@60099951]" started-at="2024-07-21T20:31:15 IST" name="PWCSSCompliedGraphMultipleFilterMedium1" finished-at="2024-07-21T20:33:06 IST" duration-ms="111055" status="PASS">
          <reporter-output>
          </reporter-output>
        </test-method> <!-- PWCSSCompliedGraphMultipleFilterMedium1 -->
        <test-method is-config="true" signature="browserClosing()[pri:0, instance:comapnyAdminTest.ManagementTestCases@60099951]" started-at="2024-07-21T20:33:06 IST" name="browserClosing" finished-at="2024-07-21T20:33:13 IST" duration-ms="7499" status="PASS">
          <reporter-output>
          </reporter-output>
        </test-method> <!-- browserClosing -->
        <test-method is-config="true" signature="Login()[pri:0, instance:comapnyAdminTest.ManagementTestCases@60099951]" started-at="2024-07-21T20:33:13 IST" name="Login" finished-at="2024-07-21T20:33:54 IST" duration-ms="40687" status="PASS">
          <reporter-output>
          </reporter-output>
        </test-method> <!-- Login -->
        <test-method signature="PWCSSCompliedGraphMultipleFilterLow1()[pri:32, instance:comapnyAdminTest.ManagementTestCases@60099951]" started-at="2024-07-21T20:33:54 IST" name="PWCSSCompliedGraphMultipleFilterLow1" finished-at="2024-07-21T20:35:45 IST" duration-ms="111219" status="PASS">
          <reporter-output>
          </reporter-output>
        </test-method> <!-- PWCSSCompliedGraphMultipleFilterLow1 -->
        <test-method is-config="true" signature="browserClosing()[pri:0, instance:comapnyAdminTest.ManagementTestCases@60099951]" started-at="2024-07-21T20:35:45 IST" name="browserClosing" finished-at="2024-07-21T20:35:53 IST" duration-ms="7516" status="PASS">
          <reporter-output>
          </reporter-output>
        </test-method> <!-- browserClosing -->
        <test-method is-config="true" signature="Login()[pri:0, instance:comapnyAdminTest.ManagementTestCases@60099951]" started-at="2024-07-21T20:35:53 IST" name="Login" finished-at="2024-07-21T20:37:29 IST" duration-ms="96429" status="PASS">
          <reporter-output>
          </reporter-output>
        </test-method> <!-- Login -->
        <test-method signature="PWCSSABCconstructionNotCompliedHigh1()[pri:33, instance:comapnyAdminTest.ManagementTestCases@60099951]" started-at="2024-07-21T20:37:29 IST" name="PWCSSABCconstructionNotCompliedHigh1" finished-at="2024-07-21T20:42:11 IST" duration-ms="282198" status="PASS">
          <reporter-output>
          </reporter-output>
        </test-method> <!-- PWCSSABCconstructionNotCompliedHigh1 -->
        <test-method is-config="true" signature="browserClosing()[pri:0, instance:comapnyAdminTest.ManagementTestCases@60099951]" started-at="2024-07-21T20:42:11 IST" name="browserClosing" finished-at="2024-07-21T20:42:19 IST" duration-ms="7395" status="PASS">
          <reporter-output>
          </reporter-output>
        </test-method> <!-- browserClosing -->
        <test-method is-config="true" signature="Login()[pri:0, instance:comapnyAdminTest.ManagementTestCases@60099951]" started-at="2024-07-21T20:42:19 IST" name="Login" finished-at="2024-07-21T20:43:39 IST" duration-ms="80703" status="PASS">
          <reporter-output>
          </reporter-output>
        </test-method> <!-- Login -->
        <test-method signature="PWCSSNotCompliedGraphMultipleFilterHigh1()[pri:34, instance:comapnyAdminTest.ManagementTestCases@60099951]" started-at="2024-07-21T20:43:39 IST" name="PWCSSNotCompliedGraphMultipleFilterHigh1" finished-at="2024-07-21T20:45:27 IST" duration-ms="107616" status="PASS">
          <reporter-output>
          </reporter-output>
        </test-method> <!-- PWCSSNotCompliedGraphMultipleFilterHigh1 -->
        <test-method is-config="true" signature="browserClosing()[pri:0, instance:comapnyAdminTest.ManagementTestCases@60099951]" started-at="2024-07-21T20:45:27 IST" name="browserClosing" finished-at="2024-07-21T20:45:34 IST" duration-ms="7341" status="PASS">
          <reporter-output>
          </reporter-output>
        </test-method> <!-- browserClosing -->
        <test-method is-config="true" signature="Login()[pri:0, instance:comapnyAdminTest.ManagementTestCases@60099951]" started-at="2024-07-21T20:45:34 IST" name="Login" finished-at="2024-07-21T20:46:50 IST" duration-ms="75792" status="PASS">
          <reporter-output>
          </reporter-output>
        </test-method> <!-- Login -->
        <test-method signature="PWCSSNotCompliedGraphMultipleFilterMedium11()[pri:35, instance:comapnyAdminTest.ManagementTestCases@60099951]" started-at="2024-07-21T20:46:50 IST" name="PWCSSNotCompliedGraphMultipleFilterMedium11" finished-at="2024-07-21T20:48:37 IST" duration-ms="106916" status="PASS">
          <reporter-output>
          </reporter-output>
        </test-method> <!-- PWCSSNotCompliedGraphMultipleFilterMedium11 -->
        <test-method is-config="true" signature="browserClosing()[pri:0, instance:comapnyAdminTest.ManagementTestCases@60099951]" started-at="2024-07-21T20:48:37 IST" name="browserClosing" finished-at="2024-07-21T20:48:45 IST" duration-ms="7448" status="PASS">
          <reporter-output>
          </reporter-output>
        </test-method> <!-- browserClosing -->
        <test-method is-config="true" signature="Login()[pri:0, instance:comapnyAdminTest.ManagementTestCases@60099951]" started-at="2024-07-21T20:48:45 IST" name="Login" finished-at="2024-07-21T20:49:37 IST" duration-ms="52553" status="PASS">
          <reporter-output>
          </reporter-output>
        </test-method> <!-- Login -->
        <test-method signature="PWCSSNotCompliedGraphMultipleFilterLow1()[pri:36, instance:comapnyAdminTest.ManagementTestCases@60099951]" started-at="2024-07-21T20:49:37 IST" name="PWCSSNotCompliedGraphMultipleFilterLow1" finished-at="2024-07-21T20:51:22 IST" duration-ms="104933" status="PASS">
          <reporter-output>
          </reporter-output>
        </test-method> <!-- PWCSSNotCompliedGraphMultipleFilterLow1 -->
        <test-method is-config="true" signature="browserClosing()[pri:0, instance:comapnyAdminTest.ManagementTestCases@60099951]" started-at="2024-07-21T20:51:22 IST" name="browserClosing" finished-at="2024-07-21T20:51:29 IST" duration-ms="7420" status="PASS">
          <reporter-output>
          </reporter-output>
        </test-method> <!-- browserClosing -->
        <test-method is-config="true" signature="Login()[pri:0, instance:comapnyAdminTest.ManagementTestCases@60099951]" started-at="2024-07-21T20:51:29 IST" name="Login" finished-at="2024-07-21T20:57:32 IST" duration-ms="362321" status="FAIL">
          <exception class="org.openqa.selenium.TimeoutException">
            <message>
              <![CDATA[timeout: Timed out receiving message from renderer: 300.000
  (Session info: chrome=126.0.6478.182)
Build info: version: '3.141.0', revision: '2ecb7d9a', time: '2018-10-31T20:09:30'
System info: host: 'TRPL-PUN-0125', ip: '192.168.10.44', os.name: 'Windows 10', os.arch: 'amd64', os.version: '10.0', java.version: '17.0.9'
Driver info: org.openqa.selenium.chrome.ChromeDriver
Capabilities {acceptInsecureCerts: false, browserName: chrome, browserVersion: 126.0.6478.182, chrome: {chromedriverVersion: 125.0.6422.60 (3ac3319bff9f..., userDataDir: C:\Users\shitalb\AppData\Lo...}, fedcm:accounts: true, goog:chromeOptions: {debuggerAddress: localhost:51720}, javascriptEnabled: true, networkConnectionEnabled: false, pageLoadStrategy: normal, platform: WINDOWS, platformName: WINDOWS, proxy: Proxy(), setWindowRect: true, strictFileInteractability: false, timeouts: {implicit: 0, pageLoad: 300000, script: 30000}, unhandledPromptBehavior: dismiss and notify, webauthn:extension:credBlob: true, webauthn:extension:largeBlob: true, webauthn:extension:minPinLength: true, webauthn:extension:prf: true, webauthn:virtualAuthenticators: true}
Session ID: 3eedc80bd4ba57175019f2e73838e6c4]]>
            </message>
            <full-stacktrace>
              <![CDATA[org.openqa.selenium.TimeoutException: timeout: Timed out receiving message from renderer: 300.000
  (Session info: chrome=126.0.6478.182)
Build info: version: '3.141.0', revision: '2ecb7d9a', time: '2018-10-31T20:09:30'
System info: host: 'TRPL-PUN-0125', ip: '192.168.10.44', os.name: 'Windows 10', os.arch: 'amd64', os.version: '10.0', java.version: '17.0.9'
Driver info: org.openqa.selenium.chrome.ChromeDriver
Capabilities {acceptInsecureCerts: false, browserName: chrome, browserVersion: 126.0.6478.182, chrome: {chromedriverVersion: 125.0.6422.60 (3ac3319bff9f..., userDataDir: C:\Users\shitalb\AppData\Lo...}, fedcm:accounts: true, goog:chromeOptions: {debuggerAddress: localhost:51720}, javascriptEnabled: true, networkConnectionEnabled: false, pageLoadStrategy: normal, platform: WINDOWS, platformName: WINDOWS, proxy: Proxy(), setWindowRect: true, strictFileInteractability: false, timeouts: {implicit: 0, pageLoad: 300000, script: 30000}, unhandledPromptBehavior: dismiss and notify, webauthn:extension:credBlob: true, webauthn:extension:largeBlob: true, webauthn:extension:minPinLength: true, webauthn:extension:prf: true, webauthn:virtualAuthenticators: true}
Session ID: 3eedc80bd4ba57175019f2e73838e6c4
at java.base/jdk.internal.reflect.NativeConstructorAccessorImpl.newInstance0(Native Method)
at java.base/jdk.internal.reflect.NativeConstructorAccessorImpl.newInstance(NativeConstructorAccessorImpl.java:77)
at java.base/jdk.internal.reflect.DelegatingConstructorAccessorImpl.newInstance(DelegatingConstructorAccessorImpl.java:45)
at java.base/java.lang.reflect.Constructor.newInstanceWithCaller(Constructor.java:499)
at java.base/java.lang.reflect.Constructor.newInstance(Constructor.java:480)
at org.openqa.selenium.remote.http.W3CHttpResponseCodec.createException(W3CHttpResponseCodec.java:187)
at org.openqa.selenium.remote.http.W3CHttpResponseCodec.decode(W3CHttpResponseCodec.java:122)
at org.openqa.selenium.remote.http.W3CHttpResponseCodec.decode(W3CHttpResponseCodec.java:49)
at org.openqa.selenium.remote.HttpCommandExecutor.execute(HttpCommandExecutor.java:158)
at org.openqa.selenium.remote.service.DriverCommandExecutor.execute(DriverCommandExecutor.java:83)
at org.openqa.selenium.remote.RemoteWebDriver.execute(RemoteWebDriver.java:552)
at org.openqa.selenium.remote.RemoteWebElement.execute(RemoteWebElement.java:285)
at org.openqa.selenium.remote.RemoteWebElement.click(RemoteWebElement.java:84)
at login.Login.UserLogin(Login.java:201)
at login.BasePage.initialization(BasePage.java:204)
at comapnyAdminTest.ManagementTestCases.Login(ManagementTestCases.java:72)
at jdk.internal.reflect.GeneratedMethodAccessor33.invoke(Unknown Source)
at java.base/jdk.internal.reflect.DelegatingMethodAccessorImpl.invoke(DelegatingMethodAccessorImpl.java:43)
at java.base/java.lang.reflect.Method.invoke(Method.java:568)
at org.testng.internal.invokers.MethodInvocationHelper.invokeMethod(MethodInvocationHelper.java:139)
at org.testng.internal.invokers.MethodInvocationHelper.invokeMethodConsideringTimeout(MethodInvocationHelper.java:69)
at org.testng.internal.invokers.ConfigInvoker.invokeConfigurationMethod(ConfigInvoker.java:361)
at org.testng.internal.invokers.ConfigInvoker.invokeConfigurations(ConfigInvoker.java:296)
at org.testng.internal.invokers.TestInvoker.runConfigMethods(TestInvoker.java:816)
at org.testng.internal.invokers.TestInvoker.invokeMethod(TestInvoker.java:590)
at org.testng.internal.invokers.TestInvoker.invokeTestMethod(TestInvoker.java:221)
at org.testng.internal.invokers.MethodRunner.runInSequence(MethodRunner.java:50)
at org.testng.internal.invokers.TestInvoker$MethodInvocationAgent.invoke(TestInvoker.java:962)
at org.testng.internal.invokers.TestInvoker.invokeTestMethods(TestInvoker.java:194)
at org.testng.internal.invokers.TestMethodWorker.invokeTestMethods(TestMethodWorker.java:148)
at org.testng.internal.invokers.TestMethodWorker.run(TestMethodWorker.java:128)
at java.base/java.util.ArrayList.forEach(ArrayList.java:1511)
at org.testng.TestRunner.privateRun(TestRunner.java:806)
at org.testng.TestRunner.run(TestRunner.java:601)
at org.testng.SuiteRunner.runTest(SuiteRunner.java:433)
at org.testng.SuiteRunner.runSequentially(SuiteRunner.java:427)
at org.testng.SuiteRunner.privateRun(SuiteRunner.java:387)
at org.testng.SuiteRunner.run(SuiteRunner.java:330)
at org.testng.SuiteRunnerWorker.runSuite(SuiteRunnerWorker.java:52)
at org.testng.SuiteRunnerWorker.run(SuiteRunnerWorker.java:95)
at org.testng.TestNG.runSuitesSequentially(TestNG.java:1256)
at org.testng.TestNG.runSuitesLocally(TestNG.java:1176)
at org.testng.TestNG.runSuites(TestNG.java:1099)
at org.testng.TestNG.run(TestNG.java:1067)
at org.testng.remote.AbstractRemoteTestNG.run(AbstractRemoteTestNG.java:115)
at org.testng.remote.RemoteTestNG.initAndRun(RemoteTestNG.java:251)
at org.testng.remote.RemoteTestNG.main(RemoteTestNG.java:77)
]]>
            </full-stacktrace>
          </exception> <!-- org.openqa.selenium.TimeoutException -->
          <reporter-output>
          </reporter-output>
        </test-method> <!-- Login -->
        <test-method signature="PWCSSABCconstructionNotApplicableHigh1()[pri:37, instance:comapnyAdminTest.ManagementTestCases@60099951]" started-at="2024-07-21T20:57:32 IST" name="PWCSSABCconstructionNotApplicableHigh1" finished-at="2024-07-21T20:57:32 IST" duration-ms="0" status="SKIP">
          <exception class="org.openqa.selenium.TimeoutException">
            <message>
              <![CDATA[timeout: Timed out receiving message from renderer: 300.000
  (Session info: chrome=126.0.6478.182)
Build info: version: '3.141.0', revision: '2ecb7d9a', time: '2018-10-31T20:09:30'
System info: host: 'TRPL-PUN-0125', ip: '192.168.10.44', os.name: 'Windows 10', os.arch: 'amd64', os.version: '10.0', java.version: '17.0.9'
Driver info: org.openqa.selenium.chrome.ChromeDriver
Capabilities {acceptInsecureCerts: false, browserName: chrome, browserVersion: 126.0.6478.182, chrome: {chromedriverVersion: 125.0.6422.60 (3ac3319bff9f..., userDataDir: C:\Users\shitalb\AppData\Lo...}, fedcm:accounts: true, goog:chromeOptions: {debuggerAddress: localhost:51720}, javascriptEnabled: true, networkConnectionEnabled: false, pageLoadStrategy: normal, platform: WINDOWS, platformName: WINDOWS, proxy: Proxy(), setWindowRect: true, strictFileInteractability: false, timeouts: {implicit: 0, pageLoad: 300000, script: 30000}, unhandledPromptBehavior: dismiss and notify, webauthn:extension:credBlob: true, webauthn:extension:largeBlob: true, webauthn:extension:minPinLength: true, webauthn:extension:prf: true, webauthn:virtualAuthenticators: true}
Session ID: 3eedc80bd4ba57175019f2e73838e6c4]]>
            </message>
            <full-stacktrace>
              <![CDATA[org.openqa.selenium.TimeoutException: timeout: Timed out receiving message from renderer: 300.000
  (Session info: chrome=126.0.6478.182)
Build info: version: '3.141.0', revision: '2ecb7d9a', time: '2018-10-31T20:09:30'
System info: host: 'TRPL-PUN-0125', ip: '192.168.10.44', os.name: 'Windows 10', os.arch: 'amd64', os.version: '10.0', java.version: '17.0.9'
Driver info: org.openqa.selenium.chrome.ChromeDriver
Capabilities {acceptInsecureCerts: false, browserName: chrome, browserVersion: 126.0.6478.182, chrome: {chromedriverVersion: 125.0.6422.60 (3ac3319bff9f..., userDataDir: C:\Users\shitalb\AppData\Lo...}, fedcm:accounts: true, goog:chromeOptions: {debuggerAddress: localhost:51720}, javascriptEnabled: true, networkConnectionEnabled: false, pageLoadStrategy: normal, platform: WINDOWS, platformName: WINDOWS, proxy: Proxy(), setWindowRect: true, strictFileInteractability: false, timeouts: {implicit: 0, pageLoad: 300000, script: 30000}, unhandledPromptBehavior: dismiss and notify, webauthn:extension:credBlob: true, webauthn:extension:largeBlob: true, webauthn:extension:minPinLength: true, webauthn:extension:prf: true, webauthn:virtualAuthenticators: true}
Session ID: 3eedc80bd4ba57175019f2e73838e6c4
at java.base/jdk.internal.reflect.NativeConstructorAccessorImpl.newInstance0(Native Method)
at java.base/jdk.internal.reflect.NativeConstructorAccessorImpl.newInstance(NativeConstructorAccessorImpl.java:77)
at java.base/jdk.internal.reflect.DelegatingConstructorAccessorImpl.newInstance(DelegatingConstructorAccessorImpl.java:45)
at java.base/java.lang.reflect.Constructor.newInstanceWithCaller(Constructor.java:499)
at java.base/java.lang.reflect.Constructor.newInstance(Constructor.java:480)
at org.openqa.selenium.remote.http.W3CHttpResponseCodec.createException(W3CHttpResponseCodec.java:187)
at org.openqa.selenium.remote.http.W3CHttpResponseCodec.decode(W3CHttpResponseCodec.java:122)
at org.openqa.selenium.remote.http.W3CHttpResponseCodec.decode(W3CHttpResponseCodec.java:49)
at org.openqa.selenium.remote.HttpCommandExecutor.execute(HttpCommandExecutor.java:158)
at org.openqa.selenium.remote.service.DriverCommandExecutor.execute(DriverCommandExecutor.java:83)
at org.openqa.selenium.remote.RemoteWebDriver.execute(RemoteWebDriver.java:552)
at org.openqa.selenium.remote.RemoteWebElement.execute(RemoteWebElement.java:285)
at org.openqa.selenium.remote.RemoteWebElement.click(RemoteWebElement.java:84)
at login.Login.UserLogin(Login.java:201)
at login.BasePage.initialization(BasePage.java:204)
at comapnyAdminTest.ManagementTestCases.Login(ManagementTestCases.java:72)
at jdk.internal.reflect.GeneratedMethodAccessor33.invoke(Unknown Source)
at java.base/jdk.internal.reflect.DelegatingMethodAccessorImpl.invoke(DelegatingMethodAccessorImpl.java:43)
at java.base/java.lang.reflect.Method.invoke(Method.java:568)
at org.testng.internal.invokers.MethodInvocationHelper.invokeMethod(MethodInvocationHelper.java:139)
at org.testng.internal.invokers.MethodInvocationHelper.invokeMethodConsideringTimeout(MethodInvocationHelper.java:69)
at org.testng.internal.invokers.ConfigInvoker.invokeConfigurationMethod(ConfigInvoker.java:361)
at org.testng.internal.invokers.ConfigInvoker.invokeConfigurations(ConfigInvoker.java:296)
at org.testng.internal.invokers.TestInvoker.runConfigMethods(TestInvoker.java:816)
at org.testng.internal.invokers.TestInvoker.invokeMethod(TestInvoker.java:590)
at org.testng.internal.invokers.TestInvoker.invokeTestMethod(TestInvoker.java:221)
at org.testng.internal.invokers.MethodRunner.runInSequence(MethodRunner.java:50)
at org.testng.internal.invokers.TestInvoker$MethodInvocationAgent.invoke(TestInvoker.java:962)
at org.testng.internal.invokers.TestInvoker.invokeTestMethods(TestInvoker.java:194)
at org.testng.internal.invokers.TestMethodWorker.invokeTestMethods(TestMethodWorker.java:148)
at org.testng.internal.invokers.TestMethodWorker.run(TestMethodWorker.java:128)
at java.base/java.util.ArrayList.forEach(ArrayList.java:1511)
at org.testng.TestRunner.privateRun(TestRunner.java:806)
at org.testng.TestRunner.run(TestRunner.java:601)
at org.testng.SuiteRunner.runTest(SuiteRunner.java:433)
at org.testng.SuiteRunner.runSequentially(SuiteRunner.java:427)
at org.testng.SuiteRunner.privateRun(SuiteRunner.java:387)
at org.testng.SuiteRunner.run(SuiteRunner.java:330)
at org.testng.SuiteRunnerWorker.runSuite(SuiteRunnerWorker.java:52)
at org.testng.SuiteRunnerWorker.run(SuiteRunnerWorker.java:95)
at org.testng.TestNG.runSuitesSequentially(TestNG.java:1256)
at org.testng.TestNG.runSuitesLocally(TestNG.java:1176)
at org.testng.TestNG.runSuites(TestNG.java:1099)
at org.testng.TestNG.run(TestNG.java:1067)
at org.testng.remote.AbstractRemoteTestNG.run(AbstractRemoteTestNG.java:115)
at org.testng.remote.RemoteTestNG.initAndRun(RemoteTestNG.java:251)
at org.testng.remote.RemoteTestNG.main(RemoteTestNG.java:77)
]]>
            </full-stacktrace>
          </exception> <!-- org.openqa.selenium.TimeoutException -->
          <reporter-output>
          </reporter-output>
        </test-method> <!-- PWCSSABCconstructionNotApplicableHigh1 -->
        <test-method is-config="true" signature="browserClosing()[pri:0, instance:comapnyAdminTest.ManagementTestCases@60099951]" started-at="2024-07-21T20:57:32 IST" name="browserClosing" finished-at="2024-07-21T20:57:32 IST" duration-ms="0" status="SKIP">
          <reporter-output>
          </reporter-output>
        </test-method> <!-- browserClosing -->
        <test-method is-config="true" signature="Login()[pri:0, instance:comapnyAdminTest.ManagementTestCases@60099951]" started-at="2024-07-21T20:57:32 IST" name="Login" finished-at="2024-07-21T20:57:32 IST" duration-ms="0" status="SKIP">
          <reporter-output>
          </reporter-output>
        </test-method> <!-- Login -->
        <test-method signature="PWCSNotApplicableHigh1()[pri:38, instance:comapnyAdminTest.ManagementTestCases@60099951]" started-at="2024-07-21T20:57:32 IST" name="PWCSNotApplicableHigh1" finished-at="2024-07-21T20:57:32 IST" duration-ms="0" status="SKIP">
          <exception class="org.openqa.selenium.TimeoutException">
            <message>
              <![CDATA[timeout: Timed out receiving message from renderer: 300.000
  (Session info: chrome=126.0.6478.182)
Build info: version: '3.141.0', revision: '2ecb7d9a', time: '2018-10-31T20:09:30'
System info: host: 'TRPL-PUN-0125', ip: '192.168.10.44', os.name: 'Windows 10', os.arch: 'amd64', os.version: '10.0', java.version: '17.0.9'
Driver info: org.openqa.selenium.chrome.ChromeDriver
Capabilities {acceptInsecureCerts: false, browserName: chrome, browserVersion: 126.0.6478.182, chrome: {chromedriverVersion: 125.0.6422.60 (3ac3319bff9f..., userDataDir: C:\Users\shitalb\AppData\Lo...}, fedcm:accounts: true, goog:chromeOptions: {debuggerAddress: localhost:51720}, javascriptEnabled: true, networkConnectionEnabled: false, pageLoadStrategy: normal, platform: WINDOWS, platformName: WINDOWS, proxy: Proxy(), setWindowRect: true, strictFileInteractability: false, timeouts: {implicit: 0, pageLoad: 300000, script: 30000}, unhandledPromptBehavior: dismiss and notify, webauthn:extension:credBlob: true, webauthn:extension:largeBlob: true, webauthn:extension:minPinLength: true, webauthn:extension:prf: true, webauthn:virtualAuthenticators: true}
Session ID: 3eedc80bd4ba57175019f2e73838e6c4]]>
            </message>
            <full-stacktrace>
              <![CDATA[org.openqa.selenium.TimeoutException: timeout: Timed out receiving message from renderer: 300.000
  (Session info: chrome=126.0.6478.182)
Build info: version: '3.141.0', revision: '2ecb7d9a', time: '2018-10-31T20:09:30'
System info: host: 'TRPL-PUN-0125', ip: '192.168.10.44', os.name: 'Windows 10', os.arch: 'amd64', os.version: '10.0', java.version: '17.0.9'
Driver info: org.openqa.selenium.chrome.ChromeDriver
Capabilities {acceptInsecureCerts: false, browserName: chrome, browserVersion: 126.0.6478.182, chrome: {chromedriverVersion: 125.0.6422.60 (3ac3319bff9f..., userDataDir: C:\Users\shitalb\AppData\Lo...}, fedcm:accounts: true, goog:chromeOptions: {debuggerAddress: localhost:51720}, javascriptEnabled: true, networkConnectionEnabled: false, pageLoadStrategy: normal, platform: WINDOWS, platformName: WINDOWS, proxy: Proxy(), setWindowRect: true, strictFileInteractability: false, timeouts: {implicit: 0, pageLoad: 300000, script: 30000}, unhandledPromptBehavior: dismiss and notify, webauthn:extension:credBlob: true, webauthn:extension:largeBlob: true, webauthn:extension:minPinLength: true, webauthn:extension:prf: true, webauthn:virtualAuthenticators: true}
Session ID: 3eedc80bd4ba57175019f2e73838e6c4
at java.base/jdk.internal.reflect.NativeConstructorAccessorImpl.newInstance0(Native Method)
at java.base/jdk.internal.reflect.NativeConstructorAccessorImpl.newInstance(NativeConstructorAccessorImpl.java:77)
at java.base/jdk.internal.reflect.DelegatingConstructorAccessorImpl.newInstance(DelegatingConstructorAccessorImpl.java:45)
at java.base/java.lang.reflect.Constructor.newInstanceWithCaller(Constructor.java:499)
at java.base/java.lang.reflect.Constructor.newInstance(Constructor.java:480)
at org.openqa.selenium.remote.http.W3CHttpResponseCodec.createException(W3CHttpResponseCodec.java:187)
at org.openqa.selenium.remote.http.W3CHttpResponseCodec.decode(W3CHttpResponseCodec.java:122)
at org.openqa.selenium.remote.http.W3CHttpResponseCodec.decode(W3CHttpResponseCodec.java:49)
at org.openqa.selenium.remote.HttpCommandExecutor.execute(HttpCommandExecutor.java:158)
at org.openqa.selenium.remote.service.DriverCommandExecutor.execute(DriverCommandExecutor.java:83)
at org.openqa.selenium.remote.RemoteWebDriver.execute(RemoteWebDriver.java:552)
at org.openqa.selenium.remote.RemoteWebElement.execute(RemoteWebElement.java:285)
at org.openqa.selenium.remote.RemoteWebElement.click(RemoteWebElement.java:84)
at login.Login.UserLogin(Login.java:201)
at login.BasePage.initialization(BasePage.java:204)
at comapnyAdminTest.ManagementTestCases.Login(ManagementTestCases.java:72)
at jdk.internal.reflect.GeneratedMethodAccessor33.invoke(Unknown Source)
at java.base/jdk.internal.reflect.DelegatingMethodAccessorImpl.invoke(DelegatingMethodAccessorImpl.java:43)
at java.base/java.lang.reflect.Method.invoke(Method.java:568)
at org.testng.internal.invokers.MethodInvocationHelper.invokeMethod(MethodInvocationHelper.java:139)
at org.testng.internal.invokers.MethodInvocationHelper.invokeMethodConsideringTimeout(MethodInvocationHelper.java:69)
at org.testng.internal.invokers.ConfigInvoker.invokeConfigurationMethod(ConfigInvoker.java:361)
at org.testng.internal.invokers.ConfigInvoker.invokeConfigurations(ConfigInvoker.java:296)
at org.testng.internal.invokers.TestInvoker.runConfigMethods(TestInvoker.java:816)
at org.testng.internal.invokers.TestInvoker.invokeMethod(TestInvoker.java:590)
at org.testng.internal.invokers.TestInvoker.invokeTestMethod(TestInvoker.java:221)
at org.testng.internal.invokers.MethodRunner.runInSequence(MethodRunner.java:50)
at org.testng.internal.invokers.TestInvoker$MethodInvocationAgent.invoke(TestInvoker.java:962)
at org.testng.internal.invokers.TestInvoker.invokeTestMethods(TestInvoker.java:194)
at org.testng.internal.invokers.TestMethodWorker.invokeTestMethods(TestMethodWorker.java:148)
at org.testng.internal.invokers.TestMethodWorker.run(TestMethodWorker.java:128)
at java.base/java.util.ArrayList.forEach(ArrayList.java:1511)
at org.testng.TestRunner.privateRun(TestRunner.java:806)
at org.testng.TestRunner.run(TestRunner.java:601)
at org.testng.SuiteRunner.runTest(SuiteRunner.java:433)
at org.testng.SuiteRunner.runSequentially(SuiteRunner.java:427)
at org.testng.SuiteRunner.privateRun(SuiteRunner.java:387)
at org.testng.SuiteRunner.run(SuiteRunner.java:330)
at org.testng.SuiteRunnerWorker.runSuite(SuiteRunnerWorker.java:52)
at org.testng.SuiteRunnerWorker.run(SuiteRunnerWorker.java:95)
at org.testng.TestNG.runSuitesSequentially(TestNG.java:1256)
at org.testng.TestNG.runSuitesLocally(TestNG.java:1176)
at org.testng.TestNG.runSuites(TestNG.java:1099)
at org.testng.TestNG.run(TestNG.java:1067)
at org.testng.remote.AbstractRemoteTestNG.run(AbstractRemoteTestNG.java:115)
at org.testng.remote.RemoteTestNG.initAndRun(RemoteTestNG.java:251)
at org.testng.remote.RemoteTestNG.main(RemoteTestNG.java:77)
]]>
            </full-stacktrace>
          </exception> <!-- org.openqa.selenium.TimeoutException -->
          <reporter-output>
          </reporter-output>
        </test-method> <!-- PWCSNotApplicableHigh1 -->
        <test-method is-config="true" signature="browserClosing()[pri:0, instance:comapnyAdminTest.ManagementTestCases@60099951]" started-at="2024-07-21T20:57:32 IST" name="browserClosing" finished-at="2024-07-21T20:57:32 IST" duration-ms="0" status="SKIP">
          <reporter-output>
          </reporter-output>
        </test-method> <!-- browserClosing -->
        <test-method is-config="true" signature="Login()[pri:0, instance:comapnyAdminTest.ManagementTestCases@60099951]" started-at="2024-07-21T20:57:32 IST" name="Login" finished-at="2024-07-21T20:57:32 IST" duration-ms="0" status="SKIP">
          <reporter-output>
          </reporter-output>
        </test-method> <!-- Login -->
        <test-method signature="PWCSNotApplicableGraphmedium11()[pri:39, instance:comapnyAdminTest.ManagementTestCases@60099951]" started-at="2024-07-21T20:57:32 IST" name="PWCSNotApplicableGraphmedium11" finished-at="2024-07-21T20:57:32 IST" duration-ms="0" status="SKIP">
          <exception class="org.openqa.selenium.TimeoutException">
            <message>
              <![CDATA[timeout: Timed out receiving message from renderer: 300.000
  (Session info: chrome=126.0.6478.182)
Build info: version: '3.141.0', revision: '2ecb7d9a', time: '2018-10-31T20:09:30'
System info: host: 'TRPL-PUN-0125', ip: '192.168.10.44', os.name: 'Windows 10', os.arch: 'amd64', os.version: '10.0', java.version: '17.0.9'
Driver info: org.openqa.selenium.chrome.ChromeDriver
Capabilities {acceptInsecureCerts: false, browserName: chrome, browserVersion: 126.0.6478.182, chrome: {chromedriverVersion: 125.0.6422.60 (3ac3319bff9f..., userDataDir: C:\Users\shitalb\AppData\Lo...}, fedcm:accounts: true, goog:chromeOptions: {debuggerAddress: localhost:51720}, javascriptEnabled: true, networkConnectionEnabled: false, pageLoadStrategy: normal, platform: WINDOWS, platformName: WINDOWS, proxy: Proxy(), setWindowRect: true, strictFileInteractability: false, timeouts: {implicit: 0, pageLoad: 300000, script: 30000}, unhandledPromptBehavior: dismiss and notify, webauthn:extension:credBlob: true, webauthn:extension:largeBlob: true, webauthn:extension:minPinLength: true, webauthn:extension:prf: true, webauthn:virtualAuthenticators: true}
Session ID: 3eedc80bd4ba57175019f2e73838e6c4]]>
            </message>
            <full-stacktrace>
              <![CDATA[org.openqa.selenium.TimeoutException: timeout: Timed out receiving message from renderer: 300.000
  (Session info: chrome=126.0.6478.182)
Build info: version: '3.141.0', revision: '2ecb7d9a', time: '2018-10-31T20:09:30'
System info: host: 'TRPL-PUN-0125', ip: '192.168.10.44', os.name: 'Windows 10', os.arch: 'amd64', os.version: '10.0', java.version: '17.0.9'
Driver info: org.openqa.selenium.chrome.ChromeDriver
[...]
Capabilities {acceptInsecureCerts: false, browserName: chrome, browserVersion: 126.0.6478.182, chrome: {chromedriverVersion: 125.0.6422.60 (3ac3319bff9f..., userDataDir: C:\Users\shitalb\AppData\Lo...}, fedcm:accounts: true, goog:chromeOptions: {debuggerAddress: localhost:51720}, javascriptEnabled: true, networkConnectionEnabled: false, pageLoadStrategy: normal, platform: WINDOWS, platformName: WINDOWS, proxy: Proxy(), setWindowRect: true, strictFileInteractability: false, timeouts: {implicit: 0, pageLoad: 300000, script: 30000}, unhandledPromptBehavior: dismiss and notify, webauthn:extension:credBlob: true, webauthn:extension:largeBlob: true, webauthn:extension:minPinLength: true, webauthn:extension:prf: true, webauthn:virtualAuthenticators: true}
Session ID: 3eedc80bd4ba57175019f2e73838e6c4
at java.base/jdk.internal.reflect.NativeConstructorAccessorImpl.newInstance0(Native Method)
at java.base/jdk.internal.reflect.NativeConstructorAccessorImpl.newInstance(NativeConstructorAccessorImpl.java:77)
at java.base/jdk.internal.reflect.DelegatingConstructorAccessorImpl.newInstance(DelegatingConstructorAccessorImpl.java:45)
at java.base/java.lang.reflect.Constructor.newInstanceWithCaller(Constructor.java:499)
at java.base/java.lang.reflect.Constructor.newInstance(Constructor.java:480)
at org.openqa.selenium.remote.http.W3CHttpResponseCodec.createException(W3CHttpResponseCodec.java:187)
at org.openqa.selenium.remote.http.W3CHttpResponseCodec.decode(W3CHttpResponseCodec.java:122)
at org.openqa.selenium.remote.http.W3CHttpResponseCodec.decode(W3CHttpResponseCodec.java:49)
at org.openqa.selenium.remote.HttpCommandExecutor.execute(HttpCommandExecutor.java:158)
at org.openqa.selenium.remote.service.DriverCommandExecutor.execute(DriverCommandExecutor.java:83)
at org.openqa.selenium.remote.RemoteWebDriver.execute(RemoteWebDriver.java:552)
at org.openqa.selenium.remote.RemoteWebElement.execute(RemoteWebElement.java:285)
at org.openqa.selenium.remote.RemoteWebElement.click(RemoteWebElement.java:84)
at login.Login.UserLogin(Login.java:201)
at login.BasePage.initialization(BasePage.java:204)
at comapnyAdminTest.ManagementTestCases.Login(ManagementTestCases.java:72)
at jdk.internal.reflect.GeneratedMethodAccessor33.invoke(Unknown Source)
at java.base/jdk.internal.reflect.DelegatingMethodAccessorImpl.invoke(DelegatingMethodAccessorImpl.java:43)
at java.base/java.lang.reflect.Method.invoke(Method.java:568)
at org.testng.internal.invokers.MethodInvocationHelper.invokeMethod(MethodInvocationHelper.java:139)
at org.testng.internal.invokers.MethodInvocationHelper.invokeMethodConsideringTimeout(MethodInvocationHelper.java:69)
at org.testng.internal.invokers.ConfigInvoker.invokeConfigurationMethod(ConfigInvoker.java:361)
at org.testng.internal.invokers.ConfigInvoker.invokeConfigurations(ConfigInvoker.java:296)
at org.testng.internal.invokers.TestInvoker.runConfigMethods(TestInvoker.java:816)
at org.testng.internal.invokers.TestInvoker.invokeMethod(TestInvoker.java:590)
at org.testng.internal.invokers.TestInvoker.invokeTestMethod(TestInvoker.java:221)
at org.testng.internal.invokers.MethodRunner.runInSequence(MethodRunner.java:50)
at org.testng.internal.invokers.TestInvoker$MethodInvocationAgent.invoke(TestInvoker.java:962)
at org.testng.internal.invokers.TestInvoker.invokeTestMethods(TestInvoker.java:194)
at org.testng.internal.invokers.TestMethodWorker.invokeTestMethods(TestMethodWorker.java:148)
at org.testng.internal.invokers.TestMethodWorker.run(TestMethodWorker.java:128)
at java.base/java.util.ArrayList.forEach(ArrayList.java:1511)
at org.testng.TestRunner.privateRun(TestRunner.java:806)
at org.testng.TestRunner.run(TestRunner.java:601)
at org.testng.SuiteRunner.runTest(SuiteRunner.java:433)
at org.testng.SuiteRunner.runSequentially(SuiteRunner.java:427)
at org.testng.SuiteRunner.privateRun(SuiteRunner.java:387)
at org.testng.SuiteRunner.run(SuiteRunner.java:330)
at org.testng.SuiteRunnerWorker.runSuite(SuiteRunnerWorker.java:52)
at org.testng.SuiteRunnerWorker.run(SuiteRunnerWorker.java:95)
at org.testng.TestNG.runSuitesSequentially(TestNG.java:1256)
at org.testng.TestNG.runSuitesLocally(TestNG.java:1176)
at org.testng.TestNG.runSuites(TestNG.java:1099)
at org.testng.TestNG.run(TestNG.java:1067)
at org.testng.remote.AbstractRemoteTestNG.run(AbstractRemoteTestNG.java:115)
at org.testng.remote.RemoteTestNG.initAndRun(RemoteTestNG.java:251)
at org.testng.remote.RemoteTestNG.main(RemoteTestNG.java:77)
]]>
            </full-stacktrace>
          </exception> <!-- org.openqa.selenium.TimeoutException -->
          <reporter-output>
          </reporter-output>
        </test-method> <!-- MoreReportDownload1 -->
        <test-method is-config="true" signature="browserClosing()[pri:0, instance:comapnyAdminTest.ManagementTestCases@60099951]" started-at="2024-07-21T20:57:32 IST" name="browserClosing" finished-at="2024-07-21T20:57:32 IST" duration-ms="0" status="SKIP">
          <reporter-output>
          </reporter-output>
        </test-method> <!-- browserClosing -->
        <test-method is-config="true" signature="Login()[pri:0, instance:comapnyAdminTest.ManagementTestCases@60099951]" started-at="2024-07-21T20:57:32 IST" name="Login" finished-at="2024-07-21T20:57:32 IST" duration-ms="0" status="SKIP">
          <reporter-output>
          </reporter-output>
        </test-method> <!-- Login -->
        <test-method signature="ViewButtonReport1()[pri:64, instance:comapnyAdminTest.ManagementTestCases@60099951]" started-at="2024-07-21T20:57:32 IST" name="ViewButtonReport1" finished-at="2024-07-21T20:57:32 IST" duration-ms="0" status="SKIP">
          <exception class="org.openqa.selenium.TimeoutException">
            <message>
              <![CDATA[timeout: Timed out receiving message from renderer: 300.000
  (Session info: chrome=126.0.6478.182)
Build info: version: '3.141.0', revision: '2ecb7d9a', time: '2018-10-31T20:09:30'
System info: host: 'TRPL-PUN-0125', ip: '192.168.10.44', os.name: 'Windows 10', os.arch: 'amd64', os.version: '10.0', java.version: '17.0.9'
Driver info: org.openqa.selenium.chrome.ChromeDriver
Capabilities {acceptInsecureCerts: false, browserName: chrome, browserVersion: 126.0.6478.182, chrome: {chromedriverVersion: 125.0.6422.60 (3ac3319bff9f..., userDataDir: C:\Users\shitalb\AppData\Lo...}, fedcm:accounts: true, goog:chromeOptions: {debuggerAddress: localhost:51720}, javascriptEnabled: true, networkConnectionEnabled: false, pageLoadStrategy: normal, platform: WINDOWS, platformName: WINDOWS, proxy: Proxy(), setWindowRect: true, strictFileInteractability: false, timeouts: {implicit: 0, pageLoad: 300000, script: 30000}, unhandledPromptBehavior: dismiss and notify, webauthn:extension:credBlob: true, webauthn:extension:largeBlob: true, webauthn:extension:minPinLength: true, webauthn:extension:prf: true, webauthn:virtualAuthenticators: true}
Session ID: 3eedc80bd4ba57175019f2e73838e6c4]]>
            </message>
            <full-stacktrace>
              <![CDATA[org.openqa.selenium.TimeoutException: timeout: Timed out receiving message from renderer: 300.000
  (Session info: chrome=126.0.6478.182)
Build info: version: '3.141.0', revision: '2ecb7d9a', time: '2018-10-31T20:09:30'
System info: host: 'TRPL-PUN-0125', ip: '192.168.10.44', os.name: 'Windows 10', os.arch: 'amd64', os.version: '10.0', java.version: '17.0.9'
Driver info: org.openqa.selenium.chrome.ChromeDriver
Capabilities {acceptInsecureCerts: false, browserName: chrome, browserVersion: 126.0.6478.182, chrome: {chromedriverVersion: 125.0.6422.60 (3ac3319bff9f..., userDataDir: C:\Users\shitalb\AppData\Lo...}, fedcm:accounts: true, goog:chromeOptions: {debuggerAddress: localhost:51720}, javascriptEnabled: true, networkConnectionEnabled: false, pageLoadStrategy: normal, platform: WINDOWS, platformName: WINDOWS, proxy: Proxy(), setWindowRect: true, strictFileInteractability: false, timeouts: {implicit: 0, pageLoad: 300000, script: 30000}, unhandledPromptBehavior: dismiss and notify, webauthn:extension:credBlob: true, webauthn:extension:largeBlob: true, webauthn:extension:minPinLength: true, webauthn:extension:prf: true, webauthn:virtualAuthenticators: true}
Session ID: 3eedc80bd4ba57175019f2e73838e6c4
at java.base/jdk.internal.reflect.NativeConstructorAccessorImpl.newInstance0(Native Method)
at java.base/jdk.internal.reflect.NativeConstructorAccessorImpl.newInstance(NativeConstructorAccessorImpl.java:77)
at java.base/jdk.internal.reflect.DelegatingConstructorAccessorImpl.newInstance(DelegatingConstructorAccessorImpl.java:45)
at java.base/java.lang.reflect.Constructor.newInstanceWithCaller(Constructor.java:499)
at java.base/java.lang.reflect.Constructor.newInstance(Constructor.java:480)
at org.openqa.selenium.remote.http.W3CHttpResponseCodec.createException(W3CHttpResponseCodec.java:187)
at org.openqa.selenium.remote.http.W3CHttpResponseCodec.decode(W3CHttpResponseCodec.java:122)
at org.openqa.selenium.remote.http.W3CHttpResponseCodec.decode(W3CHttpResponseCodec.java:49)
at org.openqa.selenium.remote.HttpCommandExecutor.execute(HttpCommandExecutor.java:158)
at org.openqa.selenium.remote.service.DriverCommandExecutor.execute(DriverCommandExecutor.java:83)
at org.openqa.selenium.remote.RemoteWebDriver.execute(RemoteWebDriver.java:552)
at org.openqa.selenium.remote.RemoteWebElement.execute(RemoteWebElement.java:285)
at org.openqa.selenium.remote.RemoteWebElement.click(RemoteWebElement.java:84)
at login.Login.UserLogin(Login.java:201)
at login.BasePage.initialization(BasePage.java:204)
at comapnyAdminTest.ManagementTestCases.Login(ManagementTestCases.java:72)
at jdk.internal.reflect.GeneratedMethodAccessor33.invoke(Unknown Source)
at java.base/jdk.internal.reflect.DelegatingMethodAccessorImpl.invoke(DelegatingMethodAccessorImpl.java:43)
at java.base/java.lang.reflect.Method.invoke(Method.java:568)
at org.testng.internal.invokers.MethodInvocationHelper.invokeMethod(MethodInvocationHelper.java:139)
at org.testng.internal.invokers.MethodInvocationHelper.invokeMethodConsideringTimeout(MethodInvocationHelper.java:69)
at org.testng.internal.invokers.ConfigInvoker.invokeConfigurationMethod(ConfigInvoker.java:361)
at org.testng.internal.invokers.ConfigInvoker.invokeConfigurations(ConfigInvoker.java:296)
at org.testng.internal.invokers.TestInvoker.runConfigMethods(TestInvoker.java:816)
at org.testng.internal.invokers.TestInvoker.invokeMethod(TestInvoker.java:590)
at org.testng.internal.invokers.TestInvoker.invokeTestMethod(TestInvoker.java:221)
at org.testng.internal.invokers.MethodRunner.runInSequence(MethodRunner.java:50)
at org.testng.internal.invokers.TestInvoker$MethodInvocationAgent.invoke(TestInvoker.java:962)
at org.testng.internal.invokers.TestInvoker.invokeTestMethods(TestInvoker.java:194)
at org.testng.internal.invokers.TestMethodWorker.invokeTestMethods(TestMethodWorker.java:148)
at org.testng.internal.invokers.TestMethodWorker.run(TestMethodWorker.java:128)
at java.base/java.util.ArrayList.forEach(ArrayList.java:1511)
at org.testng.TestRunner.privateRun(TestRunner.java:806)
at org.testng.TestRunner.run(TestRunner.java:601)
at org.testng.SuiteRunner.runTest(SuiteRunner.java:433)
at org.testng.SuiteRunner.runSequentially(SuiteRunner.java:427)
at org.testng.SuiteRunner.privateRun(SuiteRunner.java:387)
at org.testng.SuiteRunner.run(SuiteRunner.java:330)
at org.testng.SuiteRunnerWorker.runSuite(SuiteRunnerWorker.java:52)
at org.testng.SuiteRunnerWorker.run(SuiteRunnerWorker.java:95)
at org.testng.TestNG.runSuitesSequentially(TestNG.java:1256)
at org.testng.TestNG.runSuitesLocally(TestNG.java:1176)
at org.testng.TestNG.runSuites(TestNG.java:1099)
at org.testng.TestNG.run(TestNG.java:1067)
at org.testng.remote.AbstractRemoteTestNG.run(AbstractRemoteTestNG.java:115)
at org.testng.remote.RemoteTestNG.initAndRun(RemoteTestNG.java:251)
at org.testng.remote.RemoteTestNG.main(RemoteTestNG.java:77)
]]>
            </full-stacktrace>
          </exception> <!-- org.openqa.selenium.TimeoutException -->
          <reporter-output>
          </reporter-output>
        </test-method> <!-- ViewButtonReport1 -->
        <test-method is-config="true" signature="browserClosing()[pri:0, instance:comapnyAdminTest.ManagementTestCases@60099951]" started-at="2024-07-21T20:57:32 IST" name="browserClosing" finished-at="2024-07-21T20:57:32 IST" duration-ms="0" status="SKIP">
          <reporter-output>
          </reporter-output>
        </test-method> <!-- browserClosing -->
        <test-method is-config="true" signature="Login()[pri:0, instance:comapnyAdminTest.ManagementTestCases@60099951]" started-at="2024-07-21T20:57:32 IST" name="Login" finished-at="2024-07-21T20:57:32 IST" duration-ms="0" status="SKIP">
          <reporter-output>
          </reporter-output>
        </test-method> <!-- Login -->
        <test-method signature="ReportMultipleFilter1()[pri:65, instance:comapnyAdminTest.ManagementTestCases@60099951]" started-at="2024-07-21T20:57:32 IST" name="ReportMultipleFilter1" finished-at="2024-07-21T20:57:32 IST" duration-ms="0" status="SKIP">
          <exception class="org.openqa.selenium.TimeoutException">
            <message>
              <![CDATA[timeout: Timed out receiving message from renderer: 300.000
  (Session info: chrome=126.0.6478.182)
Build info: version: '3.141.0', revision: '2ecb7d9a', time: '2018-10-31T20:09:30'
System info: host: 'TRPL-PUN-0125', ip: '192.168.10.44', os.name: 'Windows 10', os.arch: 'amd64', os.version: '10.0', java.version: '17.0.9'
Driver info: org.openqa.selenium.chrome.ChromeDriver
Capabilities {acceptInsecureCerts: false, browserName: chrome, browserVersion: 126.0.6478.182, chrome: {chromedriverVersion: 125.0.6422.60 (3ac3319bff9f..., userDataDir: C:\Users\shitalb\AppData\Lo...}, fedcm:accounts: true, goog:chromeOptions: {debuggerAddress: localhost:51720}, javascriptEnabled: true, networkConnectionEnabled: false, pageLoadStrategy: normal, platform: WINDOWS, platformName: WINDOWS, proxy: Proxy(), setWindowRect: true, strictFileInteractability: false, timeouts: {implicit: 0, pageLoad: 300000, script: 30000}, unhandledPromptBehavior: dismiss and notify, webauthn:extension:credBlob: true, webauthn:extension:largeBlob: true, webauthn:extension:minPinLength: true, webauthn:extension:prf: true, webauthn:virtualAuthenticators: true}
Session ID: 3eedc80bd4ba57175019f2e73838e6c4]]>
            </message>
            <full-stacktrace>
              <![CDATA[org.openqa.selenium.TimeoutException: timeout: Timed out receiving message from renderer: 300.000
  (Session info: chrome=126.0.6478.182)
Build info: version: '3.141.0', revision: '2ecb7d9a', time: '2018-10-31T20:09:30'
System info: host: 'TRPL-PUN-0125', ip: '192.168.10.44', os.name: 'Windows 10', os.arch: 'amd64', os.version: '10.0', java.version: '17.0.9'
Driver info: org.openqa.selenium.chrome.ChromeDriver
Capabilities {acceptInsecureCerts: false, browserName: chrome, browserVersion: 126.0.6478.182, chrome: {chromedriverVersion: 125.0.6422.60 (3ac3319bff9f..., userDataDir: C:\Users\shitalb\AppData\Lo...}, fedcm:accounts: true, goog:chromeOptions: {debuggerAddress: localhost:51720}, javascriptEnabled: true, networkConnectionEnabled: false, pageLoadStrategy: normal, platform: WINDOWS, platformName: WINDOWS, proxy: Proxy(), setWindowRect: true, strictFileInteractability: false, timeouts: {implicit: 0, pageLoad: 300000, script: 30000}, unhandledPromptBehavior: dismiss and notify, webauthn:extension:credBlob: true, webauthn:extension:largeBlob: true, webauthn:extension:minPinLength: true, webauthn:extension:prf: true, webauthn:virtualAuthenticators: true}
Session ID: 3eedc80bd4ba57175019f2e73838e6c4
at java.base/jdk.internal.reflect.NativeConstructorAccessorImpl.newInstance0(Native Method)
at java.base/jdk.internal.reflect.NativeConstructorAccessorImpl.newInstance(NativeConstructorAccessorImpl.java:77)
at java.base/jdk.internal.reflect.DelegatingConstructorAccessorImpl.newInstance(DelegatingConstructorAccessorImpl.java:45)
at java.base/java.lang.reflect.Constructor.newInstanceWithCaller(Constructor.java:499)
at java.base/java.lang.reflect.Constructor.newInstance(Constructor.java:480)
at org.openqa.selenium.remote.http.W3CHttpResponseCodec.createException(W3CHttpResponseCodec.java:187)
at org.openqa.selenium.remote.http.W3CHttpResponseCodec.decode(W3CHttpResponseCodec.java:122)
at org.openqa.selenium.remote.http.W3CHttpResponseCodec.decode(W3CHttpResponseCodec.java:49)
at org.openqa.selenium.remote.HttpCommandExecutor.execute(HttpCommandExecutor.java:158)
at org.openqa.selenium.remote.service.DriverCommandExecutor.execute(DriverCommandExecutor.java:83)
at org.openqa.selenium.remote.RemoteWebDriver.execute(RemoteWebDriver.java:552)
at org.openqa.selenium.remote.RemoteWebElement.execute(RemoteWebElement.java:285)
at org.openqa.selenium.remote.RemoteWebElement.click(RemoteWebElement.java:84)
at login.Login.UserLogin(Login.java:201)
at login.BasePage.initialization(BasePage.java:204)
at comapnyAdminTest.ManagementTestCases.Login(ManagementTestCases.java:72)
at jdk.internal.reflect.GeneratedMethodAccessor33.invoke(Unknown Source)
at java.base/jdk.internal.reflect.DelegatingMethodAccessorImpl.invoke(DelegatingMethodAccessorImpl.java:43)
at java.base/java.lang.reflect.Method.invoke(Method.java:568)
at org.testng.internal.invokers.MethodInvocationHelper.invokeMethod(MethodInvocationHelper.java:139)
at org.testng.internal.invokers.MethodInvocationHelper.invokeMethodConsideringTimeout(MethodInvocationHelper.java:69)
at org.testng.internal.invokers.ConfigInvoker.invokeConfigurationMethod(ConfigInvoker.java:361)
at org.testng.internal.invokers.ConfigInvoker.invokeConfigurations(ConfigInvoker.java:296)
at org.testng.internal.invokers.TestInvoker.runConfigMethods(TestInvoker.java:816)
at org.testng.internal.invokers.TestInvoker.invokeMethod(TestInvoker.java:590)
at org.testng.internal.invokers.TestInvoker.invokeTestMethod(TestInvoker.java:221)
at org.testng.internal.invokers.MethodRunner.runInSequence(MethodRunner.java:50)
at org.testng.internal.invokers.TestInvoker$MethodInvocationAgent.invoke(TestInvoker.java:962)
at org.testng.internal.invokers.TestInvoker.invokeTestMethods(TestInvoker.java:194)
at org.testng.internal.invokers.TestMethodWorker.invokeTestMethods(TestMethodWorker.java:148)
at org.testng.internal.invokers.TestMethodWorker.run(TestMethodWorker.java:128)
at java.base/java.util.ArrayList.forEach(ArrayList.java:1511)
at org.testng.TestRunner.privateRun(TestRunner.java:806)
at org.testng.TestRunner.run(TestRunner.java:601)
at org.testng.SuiteRunner.runTest(SuiteRunner.java:433)
at org.testng.SuiteRunner.runSequentially(SuiteRunner.java:427)
at org.testng.SuiteRunner.privateRun(SuiteRunner.java:387)
at org.testng.SuiteRunner.run(SuiteRunner.java:330)
at org.testng.SuiteRunnerWorker.runSuite(SuiteRunnerWorker.java:52)
at org.testng.SuiteRunnerWorker.run(SuiteRunnerWorker.java:95)
at org.testng.TestNG.runSuitesSequentially(TestNG.java:1256)
at org.testng.TestNG.runSuitesLocally(TestNG.java:1176)
at org.testng.TestNG.runSuites(TestNG.java:1099)
at org.testng.TestNG.run(TestNG.java:1067)
at org.testng.remote.AbstractRemoteTestNG.run(AbstractRemoteTestNG.java:115)
at org.testng.remote.RemoteTestNG.initAndRun(RemoteTestNG.java:251)
at org.testng.remote.RemoteTestNG.main(RemoteTestNG.java:77)
]]>
            </full-stacktrace>
          </exception> <!-- org.openqa.selenium.TimeoutException -->
          <reporter-output>
          </reporter-output>
        </test-method> <!-- ReportMultipleFilter1 -->
        <test-method is-config="true" signature="browserClosing()[pri:0, instance:comapnyAdminTest.ManagementTestCases@60099951]" started-at="2024-07-21T20:57:32 IST" name="browserClosing" finished-at="2024-07-21T20:57:32 IST" duration-ms="0" status="SKIP">
          <reporter-output>
          </reporter-output>
        </test-method> <!-- browserClosing -->
      </class> <!-- comapnyAdminTest.ManagementTestCases -->
    </test> <!-- Default test -->
  </suite> <!-- Default suite -->
</testng-results>
